#
# A fatal error has been detected by the Java Runtime Environment:
#
#  SIGSEGV (0xb) at pc=0x00007ff8111885a6, pid=5487, tid=259
#
# JRE version: Java(TM) SE Runtime Environment (19.0.1+10) (build 19.0.1+10-21)
# Java VM: Java HotSpot(TM) 64-Bit Server VM (19.0.1+10-21, mixed mode, sharing, tiered, compressed oops, compressed class ptrs, g1 gc, bsd-amd64)
# Problematic frame:
# C  [libobjc.A.dylib+0x75a6]  lookUpImpOrForward+0x50
#
# No core dump will be written. Core dumps have been disabled. To enable core dumping, try "ulimit -c unlimited" before starting Java again
#
# If you would like to submit a bug report, please visit:
#   https://bugreport.java.com/bugreport/crash.jsp
# The crash happened outside the Java Virtual Machine in native code.
# See problematic frame for where to report the bug.
#

---------------  S U M M A R Y ------------

Command Line: -javaagent:/Applications/IntelliJ IDEA.app/Contents/lib/idea_rt.jar=54132:/Applications/IntelliJ IDEA.app/Contents/bin -Dfile.encoding=UTF-8 -Dsun.stdout.encoding=UTF-8 -Dsun.stderr.encoding=UTF-8 PhotoAlbumMain -in buildings.txt -view graphical 800 800

Host: "MacBookAir9,1" x86_64 1100 MHz, 4 cores, 8G, Darwin 21.6.0, macOS 12.5.1 (21G83)
Time: Wed Apr 19 16:04:44 2023 EDT elapsed time: 3.198643 seconds (0d 0h 0m 3s)

---------------  T H R E A D  ---------------

Current thread (0x00007f82db869800):  JavaThread "AppKit Thread" daemon [_thread_in_native, id=259, stack(0x00007ff7b011b000,0x00007ff7b091b000)]

Stack: [0x00007ff7b011b000,0x00007ff7b091b000],  sp=0x00007ff7b0914770,  free space=8165k
Native frames: (J=compiled Java code, j=interpreted, Vv=VM code, C=native code)
C  [libobjc.A.dylib+0x75a6]  lookUpImpOrForward+0x50
C  [libobjc.A.dylib+0x6f9b]  _objc_msgSend_uncached+0x4b
C  [libawt_lwawt.dylib+0x769c5]  -[MTLLayer blitTexture]+0xc5
j  sun.java2d.metal.MTLLayer.blitTexture(J)V+0 java.desktop@19.0.1
j  sun.java2d.metal.MTLLayer.lambda$drawInMTLContext$4(J)V+1 java.desktop@19.0.1
j  sun.java2d.metal.MTLLayer$$Lambda$143+0x00000008010b8ad8.run(J)V+1 java.desktop@19.0.1
j  sun.lwawt.macosx.CFRetainedResource.execute(Lsun/lwawt/macosx/CFRetainedResource$CFNativeAction;)V+23 java.desktop@19.0.1
j  sun.java2d.metal.MTLLayer.drawInMTLContext()V+14 java.desktop@19.0.1
v  ~StubRoutines::call_stub 0x0000000123115cc6
V  [libjvm.dylib+0x562451]  _ZN9JavaCalls11call_helperEP9JavaValueRK12methodHandleP17JavaCallArgumentsP10JavaThread+0x2a1
V  [libjvm.dylib+0x5bf2aa]  _ZL20jni_invoke_nonstaticP7JNIEnv_P9JavaValueP8_jobject11JNICallTypeP10_jmethodIDP18JNI_ArgumentPusherP10JavaThread+0x2da
V  [libjvm.dylib+0x5c340f]  jni_CallVoidMethod+0x18f
C  [libawt_lwawt.dylib+0x770d6]  -[MTLLayer blitCallback]+0x296
C  [libawt_lwawt.dylib+0x7720f]  -[MTLLayer display]+0x5f
C  [QuartzCore+0x21a07]  _ZN2CA5Layer17display_if_neededEPNS_11TransactionE+0x369
C  [QuartzCore+0x1792aa]  _ZN2CA7Context18commit_transactionEPNS_11TransactionEdPd+0x280
C  [QuartzCore+0x2e6d]  _ZN2CA11Transaction6commitEv+0x309
C  [AppKit+0x1ab1d1]  __62+[CATransaction(NSCATransaction) NS_setFlushesWithDisplayLink]_block_invoke+0x11d
C  [AppKit+0x8f2f5c]  ___NSRunLoopObserverCreateWithHandler_block_invoke+0x29
C  [CoreFoundation+0x7f550]  __CFRUNLOOP_IS_CALLING_OUT_TO_AN_OBSERVER_CALLBACK_FUNCTION__+0x17
C  [CoreFoundation+0x7f3e2]  __CFRunLoopDoObservers+0x21f
C  [CoreFoundation+0x7e874]  __CFRunLoopRun+0x348
C  [CoreFoundation+0x7de6c]  CFRunLoopRunSpecific+0x232
C  [HIToolbox+0x2e5e6]  RunCurrentEventLoopInMode+0x124
C  [HIToolbox+0x2e34a]  ReceiveNextEventCommon+0x252
C  [HIToolbox+0x2e0e5]  _BlockUntilNextEventMatchingListInModeWithFilter+0x46
C  [AppKit+0x3efad]  _DPSNextEvent+0x39f
C  [AppKit+0x3d66a]  -[NSApplication(NSEvent) _nextEventMatchingEventMask:untilDate:inMode:dequeue:]+0x572
C  [libosxapp.dylib+0x45aa]  -[NSApplicationAWT nextEventMatchingMask:untilDate:inMode:dequeue:]+0x7a
C  [AppKit+0x2fd19]  -[NSApplication run]+0x24a
C  [libosxapp.dylib+0x4379]  +[NSApplicationAWT runAWTLoopWithApp:]+0xa9
C  [libawt_lwawt.dylib+0x6f2f0]  +[AWTStarter starter:headless:]+0x1f0
C  [libosxapp.dylib+0x604f]  +[ThreadUtilities invokeBlockCopy:]+0xf
C  [Foundation+0x814f7]  __NSThreadPerformPerform+0xb3
C  [CoreFoundation+0x801ab]  __CFRUNLOOP_IS_CALLING_OUT_TO_A_SOURCE0_PERFORM_FUNCTION__+0x11
C  [CoreFoundation+0x80113]  __CFRunLoopDoSource0+0xb4
C  [CoreFoundation+0x7fe8d]  __CFRunLoopDoSources0+0xf2
C  [CoreFoundation+0x7e8a8]  __CFRunLoopRun+0x37c
C  [CoreFoundation+0x7de6c]  CFRunLoopRunSpecific+0x232
C  [libjli.dylib+0x6ef2]  CreateExecutionEnvironment+0x182
C  [libjli.dylib+0x2c6c]  JLI_Launch+0x59c
C  [java+0x3c17]  main+0x187
C  0x0000000113caf52e

Java frames: (J=compiled Java code, j=interpreted, Vv=VM code)
j  sun.java2d.metal.MTLLayer.blitTexture(J)V+0 java.desktop@19.0.1
j  sun.java2d.metal.MTLLayer.lambda$drawInMTLContext$4(J)V+1 java.desktop@19.0.1
j  sun.java2d.metal.MTLLayer$$Lambda$143+0x00000008010b8ad8.run(J)V+1 java.desktop@19.0.1
j  sun.lwawt.macosx.CFRetainedResource.execute(Lsun/lwawt/macosx/CFRetainedResource$CFNativeAction;)V+23 java.desktop@19.0.1
j  sun.java2d.metal.MTLLayer.drawInMTLContext()V+14 java.desktop@19.0.1
v  ~StubRoutines::call_stub 0x0000000123115cc6

siginfo: si_signo: 11 (SIGSEGV), si_code: 1 (SEGV_MAPERR), si_addr: 0x0000000000000000

Registers:
RAX=0x0000000000000000, RBX=0x00007ffffffffff8, RCX=0x0000000000000000, RDX=0x00007f82dc8cf600
RSP=0x00007ff7b0914770, RBP=0x00007ff7b0914d00, RSI=0x00007ff82b7350c5, RDI=0x00007f82dc8aba00
R8 =0x00007f82db809038, R9 =0xfffeffffffffffff, R10=0x00007f82dc8cf600, R11=0x00007f82dc8abe10
R12=0x00007f82dc8aba00, R13=0x00007ff82b7350c5, R14=0x0000000000000003, R15=0x00007f82dc8cf600
RIP=0x00007ff8111885a6, EFLAGS=0x0000000000010246, ERR=0x0000000000000004
  TRAPNO=0x000000000000000e


Register to memory mapping:

RAX=0x0 is NULL
RBX=0x00007ffffffffff8 is an unknown value
RCX=0x0 is NULL
RDX=0x00007f82dc8cf600 points into unknown readable memory: 0x0000000000000000 | 00 00 00 00 00 00 00 00
RSP=0x00007ff7b0914770 is pointing into the stack for thread: 0x00007f82db869800
RBP=0x00007ff7b0914d00 is pointing into the stack for thread: 0x00007f82db869800
RSI=0x00007ff82b7350c5 points into unknown readable memory: 77 69 64
RDI=0x00007f82dc8aba00 points into unknown readable memory: 0x00007f82dc8cf600 | 00 f6 8c dc 82 7f 00 00
R8 =0x00007f82db809038 points into unknown readable memory: 0x0000000000000000 | 00 00 00 00 00 00 00 00
R9 =0xfffeffffffffffff is an unknown value
R10=0x00007f82dc8cf600 points into unknown readable memory: 0x0000000000000000 | 00 00 00 00 00 00 00 00
R11=0x00007f82dc8abe10 points into unknown readable memory: 0x0000000000000000 | 00 00 00 00 00 00 00 00
R12=0x00007f82dc8aba00 points into unknown readable memory: 0x00007f82dc8cf600 | 00 f6 8c dc 82 7f 00 00
R13=0x00007ff82b7350c5 points into unknown readable memory: 77 69 64
R14=0x0000000000000003 is an unknown value
R15=0x00007f82dc8cf600 points into unknown readable memory: 0x0000000000000000 | 00 00 00 00 00 00 00 00


Top of Stack: (sp=0x00007ff7b0914770)
0x00007ff7b0914770:   0000000000000000 000060000182a0d0
0x00007ff7b0914780:   00007ff7b09147c0 0000000000000155
0x00007ff7b0914790:   0000000000000001 00007f82db869ae0
0x00007ff7b09147a0:   000000021ebf0520 000060000182a0d0
0x00007ff7b09147b0:   00007ff7b0914890 0000000113ba8ac0
0x00007ff7b09147c0:   00007ff7b0914800 000000010f7a8350
0x00007ff7b09147d0:   000000010f7a8300 000000080012ae88
0x00007ff7b09147e0:   0000000000000000 00000008007a2098
0x00007ff7b09147f0:   0000000113ba8ac0 0000000000000000
0x00007ff7b0914800:   0000000000000000 00000001231345e5
0x00007ff7b0914810:   000000080084aac0 00007ff81119d090
0x00007ff7b0914820:   0000000113bdcd94 0000600003270cc0
0x00007ff7b0914830:   00007ff810fd3000 0000000113c0c738
0x00007ff7b0914840:   0000000000000003 0000000113ba7900
0x00007ff7b0914850:   00000000ffdd75e0 0000000113c0c748
0x00007ff7b0914860:   00007ff7b0914e00 00007ff811188759
0x00007ff7b0914870:   00007ff7b09148f0 000000012312fdd0
0x00007ff7b0914880:   00000007ffe0c040 0000000123131956
0x00007ff7b0914890:   00000007879d5ad0 000000021ebf0520
0x00007ff7b09148a0:   0000000000000000 00007ff7b09148a8
0x00007ff7b09148b0:   0000600003270cc0 00007ff7b0914908
0x00007ff7b09148c0:   00007ff82b7350c5 0000000300000000
0x00007ff7b09148d0:   00000007ffe1f2b0 0000000800222088
0x00007ff7b09148e0:   0000000000000000 00007ff7b0914900
0x00007ff7b09148f0:   00007ff7b0914958 000000012312fdd0
0x00007ff7b0914900:   0000000113ba8ac0 0000000000000000
0x00007ff7b0914910:   00007ff7b0914910 00000008006b662a
0x00007ff7b0914920:   00007ff7b0914990 000000080007eba8
0x00007ff7b0914930:   0000000000000000 00000007ffe04540
0x00007ff7b0914940:   0000000800081eb8 0000000000000000
0x00007ff7b0914950:   00007ff7b0914988 00007ff7b09149e0
0x00007ff7b0914960:   000000012312fdd0 0000000113ba8ac0 

Instructions: (pc=0x00007ff8111885a6)
0x00007ff8111884a6:   00 00 00 00 00 66 66 66 66 66 66 2e 0f 1f 84 00
0x00007ff8111884b6:   00 00 00 00 66 0f 1f 44 00 00 f6 c2 01 75 0a 4c
0x00007ff8111884c6:   8b 5a 10 48 8b 12 41 ff e3 55 48 89 e5 48 81 ec
0x00007ff8111884d6:   80 00 00 00 66 0f 7f 45 80 50 66 0f 7f 4d 90 57
0x00007ff8111884e6:   66 0f 7f 55 a0 56 66 0f 7f 5d b0 66 0f 7f 65 c0
0x00007ff8111884f6:   51 66 0f 7f 6d d0 41 50 66 0f 7f 75 e0 41 51 66
0x00007ff811188506:   0f 7f 7d f0 48 89 d7 e8 40 9c 01 00 48 89 d2 49
0x00007ff811188516:   89 c3 66 0f 6f 45 80 41 59 66 0f 6f 4d 90 41 58
0x00007ff811188526:   66 0f 6f 55 a0 59 66 0f 6f 5d b0 66 0f 6f 65 c0
0x00007ff811188536:   5e 66 0f 6f 6d d0 5f 66 0f 6f 75 e0 58 66 0f 6f
0x00007ff811188546:   7d f0 c9 41 ff e3 90 90 90 90 90 90 90 90 90 90
0x00007ff811188556:   55 48 89 e5 41 57 41 56 41 55 41 54 53 48 81 ec
0x00007ff811188566:   68 05 00 00 41 89 ce 49 89 d7 48 89 b5 c0 fb ff
0x00007ff811188576:   ff 49 89 fc 48 8b 05 af 89 e6 3f 48 8b 00 48 89
0x00007ff811188586:   45 d0 48 bb f8 ff ff ff ff 7f 00 00 48 8b 02 48
0x00007ff811188596:   8d 48 ff 48 83 f9 0f 72 0e 49 8b 4f 20 48 21 d9
0x00007ff8111885a6:   8b 09 f6 c1 01 75 0c 48 21 d8 48 8b 40 20 48 21
0x00007ff8111885b6:   d8 8b 08 0f ba e1 1d 0f 83 c4 02 00 00 65 8b 0c
0x00007ff8111885c6:   25 18 00 00 00 31 c0 f0 0f b1 0d 1b 2f 8e 41 74
0x00007ff8111885d6:   11 48 8d 3d 12 2f 8e 41 be 00 00 05 00 e8 fe 0a
0x00007ff8111885e6:   02 00 49 8b 07 48 ff c8 48 83 f8 0f 0f 82 22 02
0x00007ff8111885f6:   00 00 49 8b 47 20 48 21 d8 83 38 00 0f 89 12 02
0x00007ff811188606:   00 00 0f b7 40 04 39 05 56 ca 89 41 0f 86 02 02
0x00007ff811188616:   00 00 48 8b 0d 41 ca 89 41 48 c1 e0 04 4c 39 3c
0x00007ff811188626:   01 0f 87 ed 01 00 00 4c 39 7c 01 08 0f 86 e2 01
0x00007ff811188636:   00 00 49 8b 07 48 ff c8 48 83 f8 0f 0f 82 2a 02
0x00007ff811188646:   00 00 49 8b 47 20 48 21 d8 83 38 00 0f 89 1a 02
0x00007ff811188656:   00 00 41 f6 c6 01 74 2e 49 8b 07 48 8d 48 ff 48
0x00007ff811188666:   83 f9 0f 72 0e 49 8b 4f 20 48 21 d9 8b 09 f6 c1
0x00007ff811188676:   01 75 09 48 21 d8 48 23 58 20 8b 0b 0f ba e1 1d
0x00007ff811188686:   0f 83 f9 02 00 00 4c 89 a5 b0 fb ff ff 44 89 b5
0x00007ff811188696:   cc fb ff ff 48 8b 05 67 a6 89 41 8b 58 08 45 31 


Stack slot to memory mapping:
stack at sp + 0 slots: 0x0 is NULL
stack at sp + 1 slots: 0x000060000182a0d0 points into unknown readable memory: 0x0000a6215a17a0d0 | d0 a0 17 5a 21 a6 00 00
stack at sp + 2 slots: 0x00007ff7b09147c0 is pointing into the stack for thread: 0x00007f82db869800
stack at sp + 3 slots: 0x0000000000000155 is an unknown value
stack at sp + 4 slots: 0x0000000000000001 is an unknown value
stack at sp + 5 slots: 0x00007f82db869ae0 points into unknown readable memory: 0x0000000111501990 | 90 19 50 11 01 00 00 00
stack at sp + 6 slots: 0x000000021ebf0520 is an unknown value
stack at sp + 7 slots: 0x000060000182a0d0 points into unknown readable memory: 0x0000a6215a17a0d0 | d0 a0 17 5a 21 a6 00 00


---------------  P R O C E S S  ---------------

Threads class SMR info:
_java_thread_list=0x0000600001632460, length=17, elements={
0x00007f82db80a000, 0x00007f82dc810c00, 0x00007f82dd065a00, 0x00007f82db861000,
0x00007f82dd066000, 0x00007f82db861600, 0x00007f82dd818a00, 0x00007f82dd818400,
0x00007f82dd816800, 0x00007f82dd819800, 0x00007f82dd066600, 0x00007f82dd819e00,
0x00007f82db869800, 0x00007f82dd905600, 0x00007f82db917c00, 0x00007f82dd917a00,
0x00007f82db948c00
}
_to_delete_list=0x000060000164ece0, length=16, elements={
0x00007f82db80a000, 0x00007f82dc810c00, 0x00007f82dd065a00, 0x00007f82db861000,
0x00007f82dd066000, 0x00007f82db861600, 0x00007f82dd818a00, 0x00007f82dd818400,
0x00007f82dd816800, 0x00007f82dd819800, 0x00007f82dd066600, 0x00007f82dd819e00,
0x00007f82db869800, 0x00007f82dd905600, 0x00007f82db917c00, 0x00007f82dd917a00
}

Java Threads: ( => current thread )
  0x00007f82db80a000 JavaThread "main" [_thread_in_native, id=10243, stack(0x000070000094d000,0x0000700000a4d000)]
  0x00007f82dc810c00 JavaThread "Reference Handler" daemon [_thread_blocked, id=22275, stack(0x0000700001168000,0x0000700001268000)]
  0x00007f82dd065a00 JavaThread "Finalizer" daemon [_thread_blocked, id=42755, stack(0x000070000126b000,0x000070000136b000)]
  0x00007f82db861000 JavaThread "Signal Dispatcher" daemon [_thread_blocked, id=22787, stack(0x000070000136e000,0x000070000146e000)]
  0x00007f82dd066000 JavaThread "Service Thread" daemon [_thread_blocked, id=42499, stack(0x0000700001471000,0x0000700001571000)]
  0x00007f82db861600 JavaThread "Monitor Deflation Thread" daemon [_thread_blocked, id=42243, stack(0x0000700001574000,0x0000700001674000)]
  0x00007f82dd818a00 JavaThread "C2 CompilerThread0" daemon [_thread_in_native, id=41987, stack(0x0000700001677000,0x0000700001777000)]
  0x00007f82dd818400 JavaThread "C1 CompilerThread0" daemon [_thread_blocked, id=41731, stack(0x000070000177a000,0x000070000187a000)]
  0x00007f82dd816800 JavaThread "Sweeper thread" daemon [_thread_blocked, id=41219, stack(0x000070000187d000,0x000070000197d000)]
  0x00007f82dd819800 JavaThread "Common-Cleaner" daemon [_thread_blocked, id=40963, stack(0x0000700001980000,0x0000700001a80000)]
  0x00007f82dd066600 JavaThread "Monitor Ctrl-Break" daemon [_thread_in_native, id=24323, stack(0x0000700001a83000,0x0000700001b83000)]
  0x00007f82dd819e00 JavaThread "Notification Thread" daemon [_thread_blocked, id=24579, stack(0x0000700001b86000,0x0000700001c86000)]
=>0x00007f82db869800 JavaThread "AppKit Thread" daemon [_thread_in_native, id=259, stack(0x00007ff7b011b000,0x00007ff7b091b000)]
  0x00007f82dd905600 JavaThread "AWT-Shutdown" [_thread_blocked, id=32771, stack(0x0000700001e0f000,0x0000700001f0f000)]
  0x00007f82db917c00 JavaThread "Java2D Queue Flusher" daemon [_thread_blocked, id=76295, stack(0x000070000209b000,0x000070000219b000)]
  0x00007f82dd917a00 JavaThread "Java2D Disposer" daemon [_thread_blocked, id=54531, stack(0x000070000219e000,0x000070000229e000)]
  0x00007f82db948c00 JavaThread "AWT-EventQueue-0" [_thread_blocked, id=59663, stack(0x0000700002324000,0x0000700002424000)]

Other Threads:
  0x00007f82dc004f30 VMThread "VM Thread" [stack: 0x0000700000f5f000,0x000070000105f000] [id=14339]
  0x00007f82dc00afc0 WatcherThread "VM Periodic Task Thread" [stack: 0x0000700001c89000,0x0000700001d89000] [id=39939]
  0x00007f82dc0041f0 WorkerThread "GC Thread#0" [stack: 0x0000700000a50000,0x0000700000b50000] [id=11267]
  0x00007f82db707560 ConcurrentGCThread "G1 Main Marker" [stack: 0x0000700000b53000,0x0000700000c53000] [id=11779]
  0x00007f82db707e00 WorkerThread "G1 Conc#0" [stack: 0x0000700000c56000,0x0000700000d56000] [id=18691]
  0x00007f82dc204b10 ConcurrentGCThread "G1 Refine#0" [stack: 0x0000700000d59000,0x0000700000e59000] [id=12803]
  0x00007f82dc1045b0 ConcurrentGCThread "G1 Service" [stack: 0x0000700000e5c000,0x0000700000f5c000] [id=17923]

Threads with active compile tasks:
C2 CompilerThread0     3250  721       4       jdk.internal.org.objectweb.asm.SymbolTable::addConstantUtf8 (98 bytes)

VM state: not at safepoint (normal execution)

VM Mutex/Monitor currently owned by a thread: None

Heap address: 0x0000000780000000, size: 2048 MB, Compressed Oops mode: Zero based, Oop shift amount: 3

CDS archive(s) mapped at: [0x0000000800000000-0x0000000800c44000-0x0000000800c44000), size 12861440, SharedBaseAddress: 0x0000000800000000, ArchiveRelocationMode: 0.
Compressed class space mapped at: 0x0000000801000000-0x0000000841000000, reserved size: 1073741824
Narrow klass base: 0x0000000800000000, Narrow klass shift: 0, Narrow klass range: 0x100000000

GC Precious Log:
 CardTable entry size: 512
 Card Set container configuration: InlinePtr #cards 5 size 8 Array Of Cards #cards 12 size 40 Howl #buckets 4 coarsen threshold 1843 Howl Bitmap #cards 512 size 80 coarsen threshold 460 Card regions per heap region 1 cards per card region 2048
 CPUs: 4 total, 4 available
 Memory: 8192M
 Large Page Support: Disabled
 NUMA Support: Disabled
 Compressed Oops: Enabled (Zero based)
 Heap Region Size: 1M
 Heap Min Capacity: 8M
 Heap Initial Capacity: 128M
 Heap Max Capacity: 2G
 Pre-touch: Disabled
 Parallel Workers: 4
 Concurrent Workers: 1
 Concurrent Refinement Workers: 4
 Periodic GC: Disabled

Heap:
 garbage-first heap   total 133120K, used 7120K [0x0000000780000000, 0x0000000800000000)
  region size 1024K, 7 young (7168K), 0 survivors (0K)
 Metaspace       used 6356K, committed 6592K, reserved 1114112K
  class space    used 705K, committed 832K, reserved 1048576K

Heap Regions: E=young(eden), S=young(survivor), O=old, HS=humongous(starts), HC=humongous(continues), CS=collection set, F=free, OA=open archive, CA=closed archive, TAMS=top-at-mark-start (previous, next)
|   0|0x0000000780000000, 0x0000000780000000, 0x0000000780100000|  0%| F|  |TAMS 0x0000000780000000, 0x0000000780000000| Untracked 
|   1|0x0000000780100000, 0x0000000780100000, 0x0000000780200000|  0%| F|  |TAMS 0x0000000780100000, 0x0000000780100000| Untracked 
|   2|0x0000000780200000, 0x0000000780200000, 0x0000000780300000|  0%| F|  |TAMS 0x0000000780200000, 0x0000000780200000| Untracked 
|   3|0x0000000780300000, 0x0000000780300000, 0x0000000780400000|  0%| F|  |TAMS 0x0000000780300000, 0x0000000780300000| Untracked 
|   4|0x0000000780400000, 0x0000000780400000, 0x0000000780500000|  0%| F|  |TAMS 0x0000000780400000, 0x0000000780400000| Untracked 
|   5|0x0000000780500000, 0x0000000780500000, 0x0000000780600000|  0%| F|  |TAMS 0x0000000780500000, 0x0000000780500000| Untracked 
|   6|0x0000000780600000, 0x0000000780600000, 0x0000000780700000|  0%| F|  |TAMS 0x0000000780600000, 0x0000000780600000| Untracked 
|   7|0x0000000780700000, 0x0000000780700000, 0x0000000780800000|  0%| F|  |TAMS 0x0000000780700000, 0x0000000780700000| Untracked 
|   8|0x0000000780800000, 0x0000000780800000, 0x0000000780900000|  0%| F|  |TAMS 0x0000000780800000, 0x0000000780800000| Untracked 
|   9|0x0000000780900000, 0x0000000780900000, 0x0000000780a00000|  0%| F|  |TAMS 0x0000000780900000, 0x0000000780900000| Untracked 
|  10|0x0000000780a00000, 0x0000000780a00000, 0x0000000780b00000|  0%| F|  |TAMS 0x0000000780a00000, 0x0000000780a00000| Untracked 
|  11|0x0000000780b00000, 0x0000000780b00000, 0x0000000780c00000|  0%| F|  |TAMS 0x0000000780b00000, 0x0000000780b00000| Untracked 
|  12|0x0000000780c00000, 0x0000000780c00000, 0x0000000780d00000|  0%| F|  |TAMS 0x0000000780c00000, 0x0000000780c00000| Untracked 
|  13|0x0000000780d00000, 0x0000000780d00000, 0x0000000780e00000|  0%| F|  |TAMS 0x0000000780d00000, 0x0000000780d00000| Untracked 
|  14|0x0000000780e00000, 0x0000000780e00000, 0x0000000780f00000|  0%| F|  |TAMS 0x0000000780e00000, 0x0000000780e00000| Untracked 
|  15|0x0000000780f00000, 0x0000000780f00000, 0x0000000781000000|  0%| F|  |TAMS 0x0000000780f00000, 0x0000000780f00000| Untracked 
|  16|0x0000000781000000, 0x0000000781000000, 0x0000000781100000|  0%| F|  |TAMS 0x0000000781000000, 0x0000000781000000| Untracked 
|  17|0x0000000781100000, 0x0000000781100000, 0x0000000781200000|  0%| F|  |TAMS 0x0000000781100000, 0x0000000781100000| Untracked 
|  18|0x0000000781200000, 0x0000000781200000, 0x0000000781300000|  0%| F|  |TAMS 0x0000000781200000, 0x0000000781200000| Untracked 
|  19|0x0000000781300000, 0x0000000781300000, 0x0000000781400000|  0%| F|  |TAMS 0x0000000781300000, 0x0000000781300000| Untracked 
|  20|0x0000000781400000, 0x0000000781400000, 0x0000000781500000|  0%| F|  |TAMS 0x0000000781400000, 0x0000000781400000| Untracked 
|  21|0x0000000781500000, 0x0000000781500000, 0x0000000781600000|  0%| F|  |TAMS 0x0000000781500000, 0x0000000781500000| Untracked 
|  22|0x0000000781600000, 0x0000000781600000, 0x0000000781700000|  0%| F|  |TAMS 0x0000000781600000, 0x0000000781600000| Untracked 
|  23|0x0000000781700000, 0x0000000781700000, 0x0000000781800000|  0%| F|  |TAMS 0x0000000781700000, 0x0000000781700000| Untracked 
|  24|0x0000000781800000, 0x0000000781800000, 0x0000000781900000|  0%| F|  |TAMS 0x0000000781800000, 0x0000000781800000| Untracked 
|  25|0x0000000781900000, 0x0000000781900000, 0x0000000781a00000|  0%| F|  |TAMS 0x0000000781900000, 0x0000000781900000| Untracked 
|  26|0x0000000781a00000, 0x0000000781a00000, 0x0000000781b00000|  0%| F|  |TAMS 0x0000000781a00000, 0x0000000781a00000| Untracked 
|  27|0x0000000781b00000, 0x0000000781b00000, 0x0000000781c00000|  0%| F|  |TAMS 0x0000000781b00000, 0x0000000781b00000| Untracked 
|  28|0x0000000781c00000, 0x0000000781c00000, 0x0000000781d00000|  0%| F|  |TAMS 0x0000000781c00000, 0x0000000781c00000| Untracked 
|  29|0x0000000781d00000, 0x0000000781d00000, 0x0000000781e00000|  0%| F|  |TAMS 0x0000000781d00000, 0x0000000781d00000| Untracked 
|  30|0x0000000781e00000, 0x0000000781e00000, 0x0000000781f00000|  0%| F|  |TAMS 0x0000000781e00000, 0x0000000781e00000| Untracked 
|  31|0x0000000781f00000, 0x0000000781f00000, 0x0000000782000000|  0%| F|  |TAMS 0x0000000781f00000, 0x0000000781f00000| Untracked 
|  32|0x0000000782000000, 0x0000000782000000, 0x0000000782100000|  0%| F|  |TAMS 0x0000000782000000, 0x0000000782000000| Untracked 
|  33|0x0000000782100000, 0x0000000782100000, 0x0000000782200000|  0%| F|  |TAMS 0x0000000782100000, 0x0000000782100000| Untracked 
|  34|0x0000000782200000, 0x0000000782200000, 0x0000000782300000|  0%| F|  |TAMS 0x0000000782200000, 0x0000000782200000| Untracked 
|  35|0x0000000782300000, 0x0000000782300000, 0x0000000782400000|  0%| F|  |TAMS 0x0000000782300000, 0x0000000782300000| Untracked 
|  36|0x0000000782400000, 0x0000000782400000, 0x0000000782500000|  0%| F|  |TAMS 0x0000000782400000, 0x0000000782400000| Untracked 
|  37|0x0000000782500000, 0x0000000782500000, 0x0000000782600000|  0%| F|  |TAMS 0x0000000782500000, 0x0000000782500000| Untracked 
|  38|0x0000000782600000, 0x0000000782600000, 0x0000000782700000|  0%| F|  |TAMS 0x0000000782600000, 0x0000000782600000| Untracked 
|  39|0x0000000782700000, 0x0000000782700000, 0x0000000782800000|  0%| F|  |TAMS 0x0000000782700000, 0x0000000782700000| Untracked 
|  40|0x0000000782800000, 0x0000000782800000, 0x0000000782900000|  0%| F|  |TAMS 0x0000000782800000, 0x0000000782800000| Untracked 
|  41|0x0000000782900000, 0x0000000782900000, 0x0000000782a00000|  0%| F|  |TAMS 0x0000000782900000, 0x0000000782900000| Untracked 
|  42|0x0000000782a00000, 0x0000000782a00000, 0x0000000782b00000|  0%| F|  |TAMS 0x0000000782a00000, 0x0000000782a00000| Untracked 
|  43|0x0000000782b00000, 0x0000000782b00000, 0x0000000782c00000|  0%| F|  |TAMS 0x0000000782b00000, 0x0000000782b00000| Untracked 
|  44|0x0000000782c00000, 0x0000000782c00000, 0x0000000782d00000|  0%| F|  |TAMS 0x0000000782c00000, 0x0000000782c00000| Untracked 
|  45|0x0000000782d00000, 0x0000000782d00000, 0x0000000782e00000|  0%| F|  |TAMS 0x0000000782d00000, 0x0000000782d00000| Untracked 
|  46|0x0000000782e00000, 0x0000000782e00000, 0x0000000782f00000|  0%| F|  |TAMS 0x0000000782e00000, 0x0000000782e00000| Untracked 
|  47|0x0000000782f00000, 0x0000000782f00000, 0x0000000783000000|  0%| F|  |TAMS 0x0000000782f00000, 0x0000000782f00000| Untracked 
|  48|0x0000000783000000, 0x0000000783000000, 0x0000000783100000|  0%| F|  |TAMS 0x0000000783000000, 0x0000000783000000| Untracked 
|  49|0x0000000783100000, 0x0000000783100000, 0x0000000783200000|  0%| F|  |TAMS 0x0000000783100000, 0x0000000783100000| Untracked 
|  50|0x0000000783200000, 0x0000000783200000, 0x0000000783300000|  0%| F|  |TAMS 0x0000000783200000, 0x0000000783200000| Untracked 
|  51|0x0000000783300000, 0x0000000783300000, 0x0000000783400000|  0%| F|  |TAMS 0x0000000783300000, 0x0000000783300000| Untracked 
|  52|0x0000000783400000, 0x0000000783400000, 0x0000000783500000|  0%| F|  |TAMS 0x0000000783400000, 0x0000000783400000| Untracked 
|  53|0x0000000783500000, 0x0000000783500000, 0x0000000783600000|  0%| F|  |TAMS 0x0000000783500000, 0x0000000783500000| Untracked 
|  54|0x0000000783600000, 0x0000000783600000, 0x0000000783700000|  0%| F|  |TAMS 0x0000000783600000, 0x0000000783600000| Untracked 
|  55|0x0000000783700000, 0x0000000783700000, 0x0000000783800000|  0%| F|  |TAMS 0x0000000783700000, 0x0000000783700000| Untracked 
|  56|0x0000000783800000, 0x0000000783800000, 0x0000000783900000|  0%| F|  |TAMS 0x0000000783800000, 0x0000000783800000| Untracked 
|  57|0x0000000783900000, 0x0000000783900000, 0x0000000783a00000|  0%| F|  |TAMS 0x0000000783900000, 0x0000000783900000| Untracked 
|  58|0x0000000783a00000, 0x0000000783a00000, 0x0000000783b00000|  0%| F|  |TAMS 0x0000000783a00000, 0x0000000783a00000| Untracked 
|  59|0x0000000783b00000, 0x0000000783b00000, 0x0000000783c00000|  0%| F|  |TAMS 0x0000000783b00000, 0x0000000783b00000| Untracked 
|  60|0x0000000783c00000, 0x0000000783c00000, 0x0000000783d00000|  0%| F|  |TAMS 0x0000000783c00000, 0x0000000783c00000| Untracked 
|  61|0x0000000783d00000, 0x0000000783d00000, 0x0000000783e00000|  0%| F|  |TAMS 0x0000000783d00000, 0x0000000783d00000| Untracked 
|  62|0x0000000783e00000, 0x0000000783e00000, 0x0000000783f00000|  0%| F|  |TAMS 0x0000000783e00000, 0x0000000783e00000| Untracked 
|  63|0x0000000783f00000, 0x0000000783f00000, 0x0000000784000000|  0%| F|  |TAMS 0x0000000783f00000, 0x0000000783f00000| Untracked 
|  64|0x0000000784000000, 0x0000000784000000, 0x0000000784100000|  0%| F|  |TAMS 0x0000000784000000, 0x0000000784000000| Untracked 
|  65|0x0000000784100000, 0x0000000784100000, 0x0000000784200000|  0%| F|  |TAMS 0x0000000784100000, 0x0000000784100000| Untracked 
|  66|0x0000000784200000, 0x0000000784200000, 0x0000000784300000|  0%| F|  |TAMS 0x0000000784200000, 0x0000000784200000| Untracked 
|  67|0x0000000784300000, 0x0000000784300000, 0x0000000784400000|  0%| F|  |TAMS 0x0000000784300000, 0x0000000784300000| Untracked 
|  68|0x0000000784400000, 0x0000000784400000, 0x0000000784500000|  0%| F|  |TAMS 0x0000000784400000, 0x0000000784400000| Untracked 
|  69|0x0000000784500000, 0x0000000784500000, 0x0000000784600000|  0%| F|  |TAMS 0x0000000784500000, 0x0000000784500000| Untracked 
|  70|0x0000000784600000, 0x0000000784600000, 0x0000000784700000|  0%| F|  |TAMS 0x0000000784600000, 0x0000000784600000| Untracked 
|  71|0x0000000784700000, 0x0000000784700000, 0x0000000784800000|  0%| F|  |TAMS 0x0000000784700000, 0x0000000784700000| Untracked 
|  72|0x0000000784800000, 0x0000000784800000, 0x0000000784900000|  0%| F|  |TAMS 0x0000000784800000, 0x0000000784800000| Untracked 
|  73|0x0000000784900000, 0x0000000784900000, 0x0000000784a00000|  0%| F|  |TAMS 0x0000000784900000, 0x0000000784900000| Untracked 
|  74|0x0000000784a00000, 0x0000000784a00000, 0x0000000784b00000|  0%| F|  |TAMS 0x0000000784a00000, 0x0000000784a00000| Untracked 
|  75|0x0000000784b00000, 0x0000000784b00000, 0x0000000784c00000|  0%| F|  |TAMS 0x0000000784b00000, 0x0000000784b00000| Untracked 
|  76|0x0000000784c00000, 0x0000000784c00000, 0x0000000784d00000|  0%| F|  |TAMS 0x0000000784c00000, 0x0000000784c00000| Untracked 
|  77|0x0000000784d00000, 0x0000000784d00000, 0x0000000784e00000|  0%| F|  |TAMS 0x0000000784d00000, 0x0000000784d00000| Untracked 
|  78|0x0000000784e00000, 0x0000000784e00000, 0x0000000784f00000|  0%| F|  |TAMS 0x0000000784e00000, 0x0000000784e00000| Untracked 
|  79|0x0000000784f00000, 0x0000000784f00000, 0x0000000785000000|  0%| F|  |TAMS 0x0000000784f00000, 0x0000000784f00000| Untracked 
|  80|0x0000000785000000, 0x0000000785000000, 0x0000000785100000|  0%| F|  |TAMS 0x0000000785000000, 0x0000000785000000| Untracked 
|  81|0x0000000785100000, 0x0000000785100000, 0x0000000785200000|  0%| F|  |TAMS 0x0000000785100000, 0x0000000785100000| Untracked 
|  82|0x0000000785200000, 0x0000000785200000, 0x0000000785300000|  0%| F|  |TAMS 0x0000000785200000, 0x0000000785200000| Untracked 
|  83|0x0000000785300000, 0x0000000785300000, 0x0000000785400000|  0%| F|  |TAMS 0x0000000785300000, 0x0000000785300000| Untracked 
|  84|0x0000000785400000, 0x0000000785400000, 0x0000000785500000|  0%| F|  |TAMS 0x0000000785400000, 0x0000000785400000| Untracked 
|  85|0x0000000785500000, 0x0000000785500000, 0x0000000785600000|  0%| F|  |TAMS 0x0000000785500000, 0x0000000785500000| Untracked 
|  86|0x0000000785600000, 0x0000000785600000, 0x0000000785700000|  0%| F|  |TAMS 0x0000000785600000, 0x0000000785600000| Untracked 
|  87|0x0000000785700000, 0x0000000785700000, 0x0000000785800000|  0%| F|  |TAMS 0x0000000785700000, 0x0000000785700000| Untracked 
|  88|0x0000000785800000, 0x0000000785800000, 0x0000000785900000|  0%| F|  |TAMS 0x0000000785800000, 0x0000000785800000| Untracked 
|  89|0x0000000785900000, 0x0000000785900000, 0x0000000785a00000|  0%| F|  |TAMS 0x0000000785900000, 0x0000000785900000| Untracked 
|  90|0x0000000785a00000, 0x0000000785a00000, 0x0000000785b00000|  0%| F|  |TAMS 0x0000000785a00000, 0x0000000785a00000| Untracked 
|  91|0x0000000785b00000, 0x0000000785b00000, 0x0000000785c00000|  0%| F|  |TAMS 0x0000000785b00000, 0x0000000785b00000| Untracked 
|  92|0x0000000785c00000, 0x0000000785c00000, 0x0000000785d00000|  0%| F|  |TAMS 0x0000000785c00000, 0x0000000785c00000| Untracked 
|  93|0x0000000785d00000, 0x0000000785d00000, 0x0000000785e00000|  0%| F|  |TAMS 0x0000000785d00000, 0x0000000785d00000| Untracked 
|  94|0x0000000785e00000, 0x0000000785e00000, 0x0000000785f00000|  0%| F|  |TAMS 0x0000000785e00000, 0x0000000785e00000| Untracked 
|  95|0x0000000785f00000, 0x0000000785f00000, 0x0000000786000000|  0%| F|  |TAMS 0x0000000785f00000, 0x0000000785f00000| Untracked 
|  96|0x0000000786000000, 0x0000000786000000, 0x0000000786100000|  0%| F|  |TAMS 0x0000000786000000, 0x0000000786000000| Untracked 
|  97|0x0000000786100000, 0x0000000786100000, 0x0000000786200000|  0%| F|  |TAMS 0x0000000786100000, 0x0000000786100000| Untracked 
|  98|0x0000000786200000, 0x0000000786200000, 0x0000000786300000|  0%| F|  |TAMS 0x0000000786200000, 0x0000000786200000| Untracked 
|  99|0x0000000786300000, 0x0000000786300000, 0x0000000786400000|  0%| F|  |TAMS 0x0000000786300000, 0x0000000786300000| Untracked 
| 100|0x0000000786400000, 0x0000000786400000, 0x0000000786500000|  0%| F|  |TAMS 0x0000000786400000, 0x0000000786400000| Untracked 
| 101|0x0000000786500000, 0x0000000786500000, 0x0000000786600000|  0%| F|  |TAMS 0x0000000786500000, 0x0000000786500000| Untracked 
| 102|0x0000000786600000, 0x0000000786600000, 0x0000000786700000|  0%| F|  |TAMS 0x0000000786600000, 0x0000000786600000| Untracked 
| 103|0x0000000786700000, 0x0000000786700000, 0x0000000786800000|  0%| F|  |TAMS 0x0000000786700000, 0x0000000786700000| Untracked 
| 104|0x0000000786800000, 0x0000000786800000, 0x0000000786900000|  0%| F|  |TAMS 0x0000000786800000, 0x0000000786800000| Untracked 
| 105|0x0000000786900000, 0x0000000786900000, 0x0000000786a00000|  0%| F|  |TAMS 0x0000000786900000, 0x0000000786900000| Untracked 
| 106|0x0000000786a00000, 0x0000000786a00000, 0x0000000786b00000|  0%| F|  |TAMS 0x0000000786a00000, 0x0000000786a00000| Untracked 
| 107|0x0000000786b00000, 0x0000000786b00000, 0x0000000786c00000|  0%| F|  |TAMS 0x0000000786b00000, 0x0000000786b00000| Untracked 
| 108|0x0000000786c00000, 0x0000000786c00000, 0x0000000786d00000|  0%| F|  |TAMS 0x0000000786c00000, 0x0000000786c00000| Untracked 
| 109|0x0000000786d00000, 0x0000000786d00000, 0x0000000786e00000|  0%| F|  |TAMS 0x0000000786d00000, 0x0000000786d00000| Untracked 
| 110|0x0000000786e00000, 0x0000000786e00000, 0x0000000786f00000|  0%| F|  |TAMS 0x0000000786e00000, 0x0000000786e00000| Untracked 
| 111|0x0000000786f00000, 0x0000000786f00000, 0x0000000787000000|  0%| F|  |TAMS 0x0000000786f00000, 0x0000000786f00000| Untracked 
| 112|0x0000000787000000, 0x0000000787000000, 0x0000000787100000|  0%| F|  |TAMS 0x0000000787000000, 0x0000000787000000| Untracked 
| 113|0x0000000787100000, 0x0000000787100000, 0x0000000787200000|  0%| F|  |TAMS 0x0000000787100000, 0x0000000787100000| Untracked 
| 114|0x0000000787200000, 0x0000000787200000, 0x0000000787300000|  0%| F|  |TAMS 0x0000000787200000, 0x0000000787200000| Untracked 
| 115|0x0000000787300000, 0x0000000787300000, 0x0000000787400000|  0%| F|  |TAMS 0x0000000787300000, 0x0000000787300000| Untracked 
| 116|0x0000000787400000, 0x0000000787400000, 0x0000000787500000|  0%| F|  |TAMS 0x0000000787400000, 0x0000000787400000| Untracked 
| 117|0x0000000787500000, 0x0000000787500000, 0x0000000787600000|  0%| F|  |TAMS 0x0000000787500000, 0x0000000787500000| Untracked 
| 118|0x0000000787600000, 0x0000000787600000, 0x0000000787700000|  0%| F|  |TAMS 0x0000000787600000, 0x0000000787600000| Untracked 
| 119|0x0000000787700000, 0x0000000787700000, 0x0000000787800000|  0%| F|  |TAMS 0x0000000787700000, 0x0000000787700000| Untracked 
| 120|0x0000000787800000, 0x0000000787800800, 0x0000000787900000|  0%| E|  |TAMS 0x0000000787800000, 0x0000000787800000| Complete 
| 121|0x0000000787900000, 0x0000000787a00000, 0x0000000787a00000|100%| E|CS|TAMS 0x0000000787900000, 0x0000000787900000| Complete 
| 122|0x0000000787a00000, 0x0000000787b00000, 0x0000000787b00000|100%| E|CS|TAMS 0x0000000787a00000, 0x0000000787a00000| Complete 
| 123|0x0000000787b00000, 0x0000000787c00000, 0x0000000787c00000|100%| E|CS|TAMS 0x0000000787b00000, 0x0000000787b00000| Complete 
| 124|0x0000000787c00000, 0x0000000787d00000, 0x0000000787d00000|100%| E|CS|TAMS 0x0000000787c00000, 0x0000000787c00000| Complete 
| 125|0x0000000787d00000, 0x0000000787e00000, 0x0000000787e00000|100%| E|CS|TAMS 0x0000000787d00000, 0x0000000787d00000| Complete 
| 126|0x0000000787e00000, 0x0000000787f00000, 0x0000000787f00000|100%| E|CS|TAMS 0x0000000787e00000, 0x0000000787e00000| Complete 
| 127|0x0000000787f00000, 0x0000000788000000, 0x0000000788000000|100%| E|CS|TAMS 0x0000000787f00000, 0x0000000787f00000| Complete 
|2046|0x00000007ffe00000, 0x00000007ffe77000, 0x00000007fff00000| 46%|OA|  |TAMS 0x00000007ffe00000, 0x00000007ffe00000| Untracked 
|2047|0x00000007fff00000, 0x00000007fff7d000, 0x0000000800000000| 48%|CA|  |TAMS 0x00000007fff00000, 0x00000007fff00000| Untracked 

Card table byte_map: [0x000000010fde9000,0x00000001101e9000] _byte_map_base: 0x000000010c1e9000

Marking Bits (Prev, Next): (CMBitMap*) 0x00007f82db81ac10, (CMBitMap*) 0x00007f82db81ac50
 Prev Bits: [0x0000000111969000, 0x0000000113969000)
 Next Bits: [0x000000012abde000, 0x000000012cbde000)

Polling page: 0x000000010f70c000

Metaspace:

Usage:
  Non-class:      5.52 MB used.
      Class:    706.03 KB used.
       Both:      6.21 MB used.

Virtual space:
  Non-class space:       64.00 MB reserved,       5.62 MB (  9%) committed,  1 nodes.
      Class space:        1.00 GB reserved,     832.00 KB ( <1%) committed,  1 nodes.
             Both:        1.06 GB reserved,       6.44 MB ( <1%) committed. 

Chunk freelists:
   Non-Class:  2.27 MB
       Class:  3.23 MB
        Both:  5.50 MB

MaxMetaspaceSize: unlimited
CompressedClassSpaceSize: 1.00 GB
Initial GC threshold: 21.00 MB
Current GC threshold: 21.00 MB
CDS: on
MetaspaceReclaimPolicy: balanced
 - commit_granule_bytes: 65536.
 - commit_granule_words: 8192.
 - virtual_space_node_default_size: 8388608.
 - enlarge_chunks_in_place: 1.
 - new_chunks_are_fully_committed: 0.
 - uncommit_free_chunks: 1.
 - use_allocation_guard: 0.


Internal statistics:

num_allocs_failed_limit: 0.
num_arena_births: 178.
num_arena_deaths: 0.
num_vsnodes_births: 2.
num_vsnodes_deaths: 0.
num_space_committed: 103.
num_space_uncommitted: 0.
num_chunks_returned_to_freelist: 0.
num_chunks_taken_from_freelist: 193.
num_chunk_merges: 0.
num_chunk_splits: 137.
num_chunks_enlarged: 90.
num_inconsistent_stats: 0.

CodeHeap 'non-profiled nmethods': size=120032Kb used=217Kb max_used=217Kb free=119814Kb
 bounds [0x00000001236a6000, 0x0000000123916000, 0x000000012abde000]
CodeHeap 'profiled nmethods': size=120028Kb used=970Kb max_used=970Kb free=119058Kb
 bounds [0x000000011bbde000, 0x000000011be4e000, 0x0000000123115000]
CodeHeap 'non-nmethods': size=5700Kb used=1351Kb max_used=1365Kb free=4348Kb
 bounds [0x0000000123115000, 0x0000000123385000, 0x00000001236a6000]
 total_blobs=1328 nmethods=723 adapters=517
 compilation: enabled
              stopped_count=0, restarted_count=0
 full_count=0

Compilation events (20 events):
Event: 3.128 Thread 0x00007f82dd818400  706  s    3       sun.java2d.loops.GraphicsPrimitive::makeUniqueID (26 bytes)
Event: 3.128 Thread 0x00007f82dd818400 nmethod 706 0x000000011bccc190 code [0x000000011bccc340, 0x000000011bccc550]
Event: 3.128 Thread 0x00007f82dd818400  707       3       sun.java2d.loops.GraphicsPrimitive::<init> (75 bytes)
Event: 3.129 Thread 0x00007f82dd818400 nmethod 707 0x000000011bccc690 code [0x000000011bccc880, 0x000000011bccce30]
Event: 3.140 Thread 0x00007f82dd818400  709       3       jdk.internal.org.objectweb.asm.ClassReader::readUtf (161 bytes)
Event: 3.141 Thread 0x00007f82dd818400 nmethod 709 0x000000011bccd090 code [0x000000011bccd260, 0x000000011bccd6c0]
Event: 3.152 Thread 0x00007f82dd818a00  711       4       jdk.internal.org.objectweb.asm.SymbolTable$Entry::<init> (17 bytes)
Event: 3.154 Thread 0x00007f82dd818400  710       3       java.lang.invoke.InnerClassLambdaMetafactory::getOpcodeOffset (38 bytes)
Event: 3.157 Thread 0x00007f82dd818a00 nmethod 711 0x00000001236dad90 code [0x00000001236daf00, 0x00000001236db138]
Event: 3.158 Thread 0x00007f82dd818a00  712       4       java.util.concurrent.locks.ReentrantLock::lock (8 bytes)
Event: 3.161 Thread 0x00007f82dd818400 nmethod 710 0x000000011bccd990 code [0x000000011bccdb60, 0x000000011bccde30]
Event: 3.166 Thread 0x00007f82dd818a00 nmethod 712 0x00000001236db190 code [0x00000001236db340, 0x00000001236db5c8]
Event: 3.166 Thread 0x00007f82dd818a00  713       4       java.util.concurrent.locks.AbstractQueuedSynchronizer::signalNext (34 bytes)
Event: 3.169 Thread 0x00007f82dd818a00 nmethod 713 0x00000001236db710 code [0x00000001236db8a0, 0x00000001236db978]
Event: 3.182 Thread 0x00007f82dd818400  714       3       java.lang.invoke.DirectMethodHandle::preparedLambdaForm (31 bytes)
Event: 3.184 Thread 0x00007f82dd818400 nmethod 714 0x000000011bccdf10 code [0x000000011bcce100, 0x000000011bcce5c0]
Event: 3.184 Thread 0x00007f82dd818400  715       3       java.lang.ref.Cleaner$1::apply (9 bytes)
Event: 3.185 Thread 0x00007f82dd818400 nmethod 715 0x000000011bcce790 code [0x000000011bcce940, 0x000000011bccebb0]
Event: 3.185 Thread 0x00007f82dd818400  716       3       java.lang.ref.Cleaner$1::apply (5 bytes)
Event: 3.185 Thread 0x00007f82dd818400 nmethod 716 0x000000011bccec90 code [0x000000011bccee20, 0x000000011bccef30]

GC Heap History (0 events):
No events

Dll operation events (12 events):
Event: 0.016 Loaded shared library /Library/Java/JavaVirtualMachines/jdk-19.jdk/Contents/Home/lib/libjava.dylib
Event: 0.265 Loaded shared library /Library/Java/JavaVirtualMachines/jdk-19.jdk/Contents/Home/lib/libzip.dylib
Event: 0.268 Loaded shared library /Library/Java/JavaVirtualMachines/jdk-19.jdk/Contents/Home/lib/libinstrument.dylib
Event: 0.283 Loaded shared library /Library/Java/JavaVirtualMachines/jdk-19.jdk/Contents/Home/lib/libnio.dylib
Event: 0.307 Loaded shared library /Library/Java/JavaVirtualMachines/jdk-19.jdk/Contents/Home/lib/libzip.dylib
Event: 0.361 Loaded shared library /Library/Java/JavaVirtualMachines/jdk-19.jdk/Contents/Home/lib/libnet.dylib
Event: 0.376 Loaded shared library /Library/Java/JavaVirtualMachines/jdk-19.jdk/Contents/Home/lib/libextnet.dylib
Event: 0.530 Loaded shared library /Library/Java/JavaVirtualMachines/jdk-19.jdk/Contents/Home/lib/libjimage.dylib
Event: 0.702 Loaded shared library /Library/Java/JavaVirtualMachines/jdk-19.jdk/Contents/Home/lib/libawt.dylib
Event: 0.714 Loaded shared library /Library/Java/JavaVirtualMachines/jdk-19.jdk/Contents/Home/lib/libawt_lwawt.dylib
Event: 0.866 Loaded shared library /Library/Java/JavaVirtualMachines/jdk-19.jdk/Contents/Home/lib/libfontmanager.dylib
Event: 2.128 Loaded shared library /Library/Java/JavaVirtualMachines/jdk-19.jdk/Contents/Home/lib/libosxui.dylib

Deoptimization events (20 events):
Event: 0.576 Thread 0x00007f82db80a000 Uncommon trap: trap_request=0xffffff45 fr.pc=0x00000001236ae7b8 relative=0x0000000000000098
Event: 0.576 Thread 0x00007f82db80a000 Uncommon trap: reason=unstable_if action=reinterpret pc=0x00000001236ae7b8 method=java.lang.String.hashCode()I @ 42 c2
Event: 0.576 Thread 0x00007f82db80a000 DEOPT PACKING pc=0x00000001236ae7b8 sp=0x0000700000a4c9b0
Event: 0.577 Thread 0x00007f82db80a000 DEOPT UNPACKING pc=0x000000012317b299 sp=0x0000700000a4c968 mode 2
Event: 2.669 Thread 0x00007f82db80a000 Uncommon trap: trap_request=0xffffffc6 fr.pc=0x00000001236b283c relative=0x000000000000091c
Event: 2.669 Thread 0x00007f82db80a000 Uncommon trap: reason=bimorphic_or_optimized_type_check action=maybe_recompile pc=0x00000001236b283c method=java.util.HashMap.putVal(ILjava/lang/Object;Ljava/lang/Object;ZZ)Ljava/lang/Object; @ 56 c2
Event: 2.669 Thread 0x00007f82db80a000 DEOPT PACKING pc=0x00000001236b283c sp=0x0000700000a4c170
Event: 2.669 Thread 0x00007f82db80a000 DEOPT UNPACKING pc=0x000000012317b299 sp=0x0000700000a4c0f8 mode 2
Event: 2.669 Thread 0x00007f82db80a000 Uncommon trap: trap_request=0xffffffc6 fr.pc=0x00000001236b2880 relative=0x0000000000000960
Event: 2.669 Thread 0x00007f82db80a000 Uncommon trap: reason=bimorphic_or_optimized_type_check action=maybe_recompile pc=0x00000001236b2880 method=java.util.HashMap.putVal(ILjava/lang/Object;Ljava/lang/Object;ZZ)Ljava/lang/Object; @ 152 c2
Event: 2.669 Thread 0x00007f82db80a000 DEOPT PACKING pc=0x00000001236b2880 sp=0x0000700000a4c170
Event: 2.669 Thread 0x00007f82db80a000 DEOPT UNPACKING pc=0x000000012317b299 sp=0x0000700000a4c100 mode 2
Event: 2.669 Thread 0x00007f82db80a000 Uncommon trap: trap_request=0xffffffc6 fr.pc=0x00000001236b283c relative=0x000000000000091c
Event: 2.669 Thread 0x00007f82db80a000 Uncommon trap: reason=bimorphic_or_optimized_type_check action=maybe_recompile pc=0x00000001236b283c method=java.util.HashMap.putVal(ILjava/lang/Object;Ljava/lang/Object;ZZ)Ljava/lang/Object; @ 56 c2
Event: 2.669 Thread 0x00007f82db80a000 DEOPT PACKING pc=0x00000001236b283c sp=0x0000700000a4c170
Event: 2.669 Thread 0x00007f82db80a000 DEOPT UNPACKING pc=0x000000012317b299 sp=0x0000700000a4c0f8 mode 2
Event: 2.669 Thread 0x00007f82db80a000 Uncommon trap: trap_request=0xffffffc6 fr.pc=0x00000001236b2880 relative=0x0000000000000960
Event: 2.669 Thread 0x00007f82db80a000 Uncommon trap: reason=bimorphic_or_optimized_type_check action=maybe_recompile pc=0x00000001236b2880 method=java.util.HashMap.putVal(ILjava/lang/Object;Ljava/lang/Object;ZZ)Ljava/lang/Object; @ 152 c2
Event: 2.669 Thread 0x00007f82db80a000 DEOPT PACKING pc=0x00000001236b2880 sp=0x0000700000a4c170
Event: 2.669 Thread 0x00007f82db80a000 DEOPT UNPACKING pc=0x000000012317b299 sp=0x0000700000a4c100 mode 2

Classes loaded (20 events):
Event: 3.132 Loading class sun/java2d/metal/MTLSurfaceData$MTLLayerSurfaceData
Event: 3.132 Loading class sun/java2d/metal/MTLSurfaceData$MTLLayerSurfaceData done
Event: 3.132 Loading class sun/java2d/SurfaceDataProxy
Event: 3.132 Loading class sun/awt/image/SurfaceManager$FlushableCacheData
Event: 3.132 Loading class sun/awt/image/SurfaceManager$FlushableCacheData done
Event: 3.132 Loading class sun/java2d/SurfaceDataProxy done
Event: 3.133 Loading class sun/java2d/SurfaceDataProxy$1
Event: 3.133 Loading class sun/java2d/SurfaceDataProxy$1 done
Event: 3.133 Loading class sun/java2d/StateTracker
Event: 3.133 Loading class sun/java2d/StateTracker done
Event: 3.133 Loading class sun/java2d/StateTracker$1
Event: 3.133 Loading class sun/java2d/StateTracker$1 done
Event: 3.133 Loading class sun/java2d/StateTracker$2
Event: 3.133 Loading class sun/java2d/StateTracker$2 done
Event: 3.134 Loading class sun/java2d/DefaultDisposerRecord
Event: 3.135 Loading class sun/java2d/DefaultDisposerRecord done
Event: 3.135 Loading class sun/java2d/metal/MTLSurfaceData$1
Event: 3.135 Loading class sun/java2d/metal/MTLSurfaceData$1 done
Event: 3.143 Loading class sun/java2d/pipe/BufferedPaints
Event: 3.143 Loading class sun/java2d/pipe/BufferedPaints done

Classes unloaded (0 events):
No events

Classes redefined (0 events):
No events

Internal exceptions (20 events):
Event: 0.567 Thread 0x00007f82db80a000 Exception <a 'java/lang/NoSuchMethodError'{0x0000000787defea0}: 'java.lang.Object java.lang.invoke.DirectMethodHandle$Holder.invokeStatic(java.lang.Object, int, java.lang.Object)'> (0x0000000787defea0) 
thrown [open/src/hotspot/share/interpreter/linkResolver.cpp, line 774]
Event: 0.672 Thread 0x00007f82db80a000 Exception <a 'java/lang/ClassNotFoundException'{0x0000000787c20ba8}: sun/awt/resources/spi/awtProvider> (0x0000000787c20ba8) 
thrown [open/src/hotspot/share/classfile/systemDictionary.cpp, line 255]
Event: 0.749 Thread 0x00007f82db80a000 Exception <a 'java/io/FileNotFoundException'{0x0000000787c71788}> (0x0000000787c71788) 
thrown [open/src/hotspot/share/prims/jni.cpp, line 517]
Event: 0.806 Thread 0x00007f82db80a000 Exception <a 'java/io/FileNotFoundException'{0x0000000787c9da70}> (0x0000000787c9da70) 
thrown [open/src/hotspot/share/prims/jni.cpp, line 517]
Event: 0.809 Thread 0x00007f82db80a000 Exception <a 'java/lang/NoSuchMethodError'{0x0000000787ca1180}: 'java.lang.Object java.lang.invoke.DirectMethodHandle$Holder.invokeStaticInit(java.lang.Object)'> (0x0000000787ca1180) 
thrown [open/src/hotspot/share/interpreter/linkResolver.cpp, line 774]
Event: 0.861 Thread 0x00007f82db80a000 Exception <a 'java/lang/ClassNotFoundException'{0x0000000787cd62c0}: sun/awt/resources/spi/awtosxProvider> (0x0000000787cd62c0) 
thrown [open/src/hotspot/share/classfile/systemDictionary.cpp, line 255]
Event: 2.092 Thread 0x00007f82db80a000 Exception <a 'java/lang/NoSuchMethodError'{0x0000000787be2810}: 'void java.lang.invoke.DirectMethodHandle$Holder.invokeSpecial(java.lang.Object, java.lang.Object, java.lang.Object)'> (0x0000000787be2810) 
thrown [open/src/hotspot/share/interpreter/linkResolver.cpp, line 774]
Event: 2.277 Thread 0x00007f82db80a000 Exception <a 'java/lang/NoSuchMethodError'{0x0000000787bf6360}: 'void java.lang.invoke.DirectMethodHandle$Holder.invokeStaticInit(java.lang.Object)'> (0x0000000787bf6360) 
thrown [open/src/hotspot/share/interpreter/linkResolver.cpp, line 774]
Event: 2.386 Thread 0x00007f82db80a000 Exception <a 'java/lang/NoSuchMethodError'{0x0000000787a1ebb8}: 'java.lang.Object java.lang.invoke.DirectMethodHandle$Holder.newInvokeSpecial(java.lang.Object, java.lang.Object, java.lang.Object, java.lang.Object, java.lang.Object)'> (0x0000000787a1ebb8) 
thrown [open/src/hotspot/share/interpreter/linkResolver.cpp, line 774]
Event: 2.417 Thread 0x00007f82db80a000 Exception <a 'java/lang/ClassNotFoundException'{0x0000000787a7d948}: com/apple/laf/resources/spi/aquaProvider> (0x0000000787a7d948) 
thrown [open/src/hotspot/share/classfile/systemDictionary.cpp, line 255]
Event: 2.672 Thread 0x00007f82db80a000 Exception <a 'java/lang/ClassNotFoundException'{0x0000000787aefbf8}: com/sun/swing/internal/plaf/basic/resources/spi/basicProvider> (0x0000000787aefbf8) 
thrown [open/src/hotspot/share/classfile/systemDictionary.cpp, line 255]
Event: 2.790 Thread 0x00007f82db80a000 Exception <a 'java/lang/NoSuchMethodError'{0x0000000787911200}: 'int java.lang.invoke.Invokers$Holder.invokeExact_MT(java.lang.Object, java.lang.Object)'> (0x0000000787911200) 
thrown [open/src/hotspot/share/interpreter/linkResolver.cpp, line 774]
Event: 2.914 Thread 0x00007f82db80a000 Exception <a 'java/lang/NoSuchMethodError'{0x0000000787931c00}: 'void java.lang.invoke.Invokers$Holder.invokeExact_MT(java.lang.Object, java.lang.Object, java.lang.Object, java.lang.Object)'> (0x0000000787931c00) 
thrown [open/src/hotspot/share/interpreter/linkResolver.cpp, line 774]
Event: 2.929 Thread 0x00007f82db80a000 Exception <a 'java/lang/NoSuchMethodError'{0x000000078793dfa8}: 'java.lang.Object java.lang.invoke.DirectMethodHandle$Holder.newInvokeSpecial(java.lang.Object, java.lang.Object, java.lang.Object, int, java.lang.Object)'> (0x000000078793dfa8) 
thrown [open/src/hotspot/share/interpreter/linkResolver.cpp, line 774]
Event: 2.931 Thread 0x00007f82db80a000 Exception <a 'java/lang/NoSuchMethodError'{0x0000000787945dd0}: 'java.lang.Object java.lang.invoke.Invokers$Holder.linkToTargetMethod(java.lang.Object, java.lang.Object, int, java.lang.Object, java.lang.Object)'> (0x0000000787945dd0) 
thrown [open/src/hotspot/share/interpreter/linkResolver.cpp, line 774]
Event: 3.004 Thread 0x00007f82db80a000 Exception <a 'java/lang/NoSuchMethodError'{0x000000078794a108}: 'void java.lang.invoke.DirectMethodHandle$Holder.invokeStatic(java.lang.Object, int, long)'> (0x000000078794a108) 
thrown [open/src/hotspot/share/interpreter/linkResolver.cpp, line 774]
Event: 3.031 Thread 0x00007f82db948c00 Exception <a 'java/lang/NoSuchMethodError'{0x0000000787986cf8}: 'void java.lang.invoke.DirectMethodHandle$Holder.invokeStatic(java.lang.Object, long)'> (0x0000000787986cf8) 
thrown [open/src/hotspot/share/interpreter/linkResolver.cpp, line 774]
Event: 3.093 Thread 0x00007f82db80a000 Exception <a 'java/lang/NoSuchMethodError'{0x000000078796f3e8}: 'java.lang.Object java.lang.invoke.Invokers$Holder.linkToTargetMethod(int, int, int, int, java.lang.Object)'> (0x000000078796f3e8) 
thrown [open/src/hotspot/share/interpreter/linkResolver.cpp, line 774]
Event: 3.097 Thread 0x00007f82db80a000 Exception <a 'java/lang/NoSuchMethodError'{0x0000000787972cc0}: 'void java.lang.invoke.DirectMethodHandle$Holder.invokeStatic(java.lang.Object, java.lang.Object, long)'> (0x0000000787972cc0) 
thrown [open/src/hotspot/share/interpreter/linkResolver.cpp, line 774]
Event: 3.137 Thread 0x00007f82db869800 Exception <a 'java/lang/NoSuchMethodError'{0x0000000787b40cc8}: 'void java.lang.invoke.DirectMethodHandle$Holder.invokeSpecial(java.lang.Object, java.lang.Object, long)'> (0x0000000787b40cc8) 
thrown [open/src/hotspot/share/interpreter/linkResolver.cpp, line 774]

VM Operations (18 events):
Event: 0.203 Executing VM operation: HandshakeAllThreads
Event: 0.203 Executing VM operation: HandshakeAllThreads done
Event: 0.364 Executing VM operation: HandshakeAllThreads
Event: 0.364 Executing VM operation: HandshakeAllThreads done
Event: 0.820 Executing VM operation: HandshakeAllThreads
Event: 0.820 Executing VM operation: HandshakeAllThreads done
Event: 0.858 Executing VM operation: HandshakeAllThreads
Event: 0.858 Executing VM operation: HandshakeAllThreads done
Event: 1.863 Executing VM operation: Cleanup
Event: 1.864 Executing VM operation: Cleanup done
Event: 2.845 Executing VM operation: HandshakeAllThreads
Event: 2.845 Executing VM operation: HandshakeAllThreads done
Event: 2.845 Executing VM operation: HandshakeAllThreads
Event: 2.845 Executing VM operation: HandshakeAllThreads done
Event: 3.027 Executing VM operation: HandshakeAllThreads
Event: 3.027 Executing VM operation: HandshakeAllThreads done
Event: 3.027 Executing VM operation: Cleanup
Event: 3.027 Executing VM operation: Cleanup done

Events (20 events):
Event: 0.106 Thread 0x00007f82dd818400 Thread added: 0x00007f82dd818400
Event: 0.107 Protecting memory [0x000070000177a000,0x000070000177e000] with protection modes 0
Event: 0.110 Thread 0x00007f82dd816800 Thread added: 0x00007f82dd816800
Event: 0.110 Protecting memory [0x000070000187d000,0x0000700001881000] with protection modes 0
Event: 0.173 Thread 0x00007f82dd819800 Thread added: 0x00007f82dd819800
Event: 0.173 Protecting memory [0x0000700001980000,0x0000700001984000] with protection modes 0
Event: 0.358 Thread 0x00007f82dd066600 Thread added: 0x00007f82dd066600
Event: 0.358 Protecting memory [0x0000700001a83000,0x0000700001a87000] with protection modes 0
Event: 0.359 Thread 0x00007f82dd819e00 Thread added: 0x00007f82dd819e00
Event: 0.359 Protecting memory [0x0000700001b86000,0x0000700001b8a000] with protection modes 0
Event: 0.885 Protecting memory [0x00007ff7b011b000,0x00007ff7b011f000] with protection modes 0
Event: 0.885 Thread 0x00007f82db869800 Thread added: 0x00007f82db869800
Event: 1.035 Thread 0x00007f82dd905600 Thread added: 0x00007f82dd905600
Event: 1.035 Protecting memory [0x0000700001e0f000,0x0000700001e13000] with protection modes 0
Event: 1.778 Thread 0x00007f82db917c00 Thread added: 0x00007f82db917c00
Event: 1.778 Protecting memory [0x000070000209b000,0x000070000209f000] with protection modes 0
Event: 1.803 Thread 0x00007f82dd917a00 Thread added: 0x00007f82dd917a00
Event: 1.803 Protecting memory [0x000070000219e000,0x00007000021a2000] with protection modes 0
Event: 3.027 Thread 0x00007f82db948c00 Thread added: 0x00007f82db948c00
Event: 3.027 Protecting memory [0x0000700002324000,0x0000700002328000] with protection modes 0


Dynamic libraries:
0x000000010f70e000 	/Library/Java/JavaVirtualMachines/jdk-19.jdk/Contents/Home/lib/libjli.dylib
0x00007ff81c00d000 	/usr/lib/libz.1.dylib
0x00007ff81c0ed000 	/usr/lib/libSystem.B.dylib
0x00007ff81c0e8000 	/usr/lib/system/libcache.dylib
0x00007ff81c0a4000 	/usr/lib/system/libcommonCrypto.dylib
0x00007ff81c0cd000 	/usr/lib/system/libcompiler_rt.dylib
0x00007ff81c0c3000 	/usr/lib/system/libcopyfile.dylib
0x00007ff81107c000 	/usr/lib/system/libcorecrypto.dylib
0x00007ff81113a000 	/usr/lib/system/libdispatch.dylib
0x00007ff8112fa000 	/usr/lib/system/libdyld.dylib
0x00007ff81c0df000 	/usr/lib/system/libkeymgr.dylib
0x00007ff81c082000 	/usr/lib/system/libmacho.dylib
0x00007ff81b703000 	/usr/lib/system/libquarantine.dylib
0x00007ff81c0dd000 	/usr/lib/system/libremovefile.dylib
0x00007ff81628f000 	/usr/lib/system/libsystem_asl.dylib
0x00007ff811025000 	/usr/lib/system/libsystem_blocks.dylib
0x00007ff8111be000 	/usr/lib/system/libsystem_c.dylib
0x00007ff81c0d5000 	/usr/lib/system/libsystem_collections.dylib
0x00007ff81a9b7000 	/usr/lib/system/libsystem_configuration.dylib
0x00007ff819c60000 	/usr/lib/system/libsystem_containermanager.dylib
0x00007ff81bdba000 	/usr/lib/system/libsystem_coreservices.dylib
0x00007ff813930000 	/usr/lib/system/libsystem_darwin.dylib
0x00007ff81c0e0000 	/usr/lib/system/libsystem_dnssd.dylib
0x00007ff8111bb000 	/usr/lib/system/libsystem_featureflags.dylib
0x00007ff811310000 	/usr/lib/system/libsystem_info.dylib
0x00007ff81c020000 	/usr/lib/system/libsystem_m.dylib
0x00007ff81110e000 	/usr/lib/system/libsystem_malloc.dylib
0x00007ff81622a000 	/usr/lib/system/libsystem_networkextension.dylib
0x00007ff813d56000 	/usr/lib/system/libsystem_notify.dylib
0x00007ff82235b000 	/usr/lib/system/libsystem_product_info_filter.dylib
0x00007ff81a9bb000 	/usr/lib/system/libsystem_sandbox.dylib
0x00007ff81c0da000 	/usr/lib/system/libsystem_secinit.dylib
0x00007ff8112b6000 	/usr/lib/system/libsystem_kernel.dylib
0x00007ff811306000 	/usr/lib/system/libsystem_platform.dylib
0x00007ff8112ee000 	/usr/lib/system/libsystem_pthread.dylib
0x00007ff817add000 	/usr/lib/system/libsystem_symptoms.dylib
0x00007ff811063000 	/usr/lib/system/libsystem_trace.dylib
0x00007ff81c0b0000 	/usr/lib/system/libunwind.dylib
0x00007ff811027000 	/usr/lib/system/libxpc.dylib
0x00007ff8112a0000 	/usr/lib/libc++abi.dylib
0x00007ff811181000 	/usr/lib/libobjc.A.dylib
0x00007ff81c0bb000 	/usr/lib/liboah.dylib
0x00007ff811247000 	/usr/lib/libc++.1.dylib
0x00007ff82815c000 	/System/Library/Frameworks/Cocoa.framework/Versions/A/Cocoa
0x00007ff813db4000 	/System/Library/Frameworks/AppKit.framework/Versions/C/AppKit
0x00007ff8172cb000 	/System/Library/Frameworks/CoreData.framework/Versions/A/CoreData
0x00007ff8121b7000 	/System/Library/Frameworks/Foundation.framework/Versions/C/Foundation
0x00007ff814c44000 	/System/Library/PrivateFrameworks/UIFoundation.framework/Versions/A/UIFoundation
0x00007ff82205e000 	/System/Library/PrivateFrameworks/RemoteViewServices.framework/Versions/A/RemoteViewServices
0x00007ff81a341000 	/System/Library/PrivateFrameworks/XCTTargetBootstrap.framework/Versions/A/XCTTargetBootstrap
0x00007ff81def4000 	/System/Library/PrivateFrameworks/InternationalSupport.framework/Versions/A/InternationalSupport
0x00007ff81df7e000 	/System/Library/PrivateFrameworks/UserActivity.framework/Versions/A/UserActivity
0x00007ff81d2d4000 	/usr/lib/libspindump.dylib
0x00007ff814ed3000 	/System/Library/Frameworks/UniformTypeIdentifiers.framework/Versions/A/UniformTypeIdentifiers
0x00007ff818a65000 	/usr/lib/libapp_launch_measurement.dylib
0x00007ff817c9d000 	/System/Library/PrivateFrameworks/CoreAnalytics.framework/Versions/A/CoreAnalytics
0x00007ff818a68000 	/System/Library/PrivateFrameworks/CoreAutoLayout.framework/Versions/A/CoreAutoLayout
0x00007ff819c98000 	/System/Library/Frameworks/Metal.framework/Versions/A/Metal
0x00007ff81a9c7000 	/usr/lib/liblangid.dylib
0x00007ff81a346000 	/System/Library/PrivateFrameworks/CoreSVG.framework/Versions/A/CoreSVG
0x00007ff8162bf000 	/System/Library/PrivateFrameworks/SkyLight.framework/Versions/A/SkyLight
0x00007ff81665e000 	/System/Library/Frameworks/CoreGraphics.framework/Versions/A/CoreGraphics
0x00007ff82271e000 	/System/Library/Frameworks/Accelerate.framework/Versions/A/Accelerate
0x00007ff81cd53000 	/System/Library/PrivateFrameworks/IconServices.framework/Versions/A/IconServices
0x00007ff819c7d000 	/System/Library/Frameworks/IOSurface.framework/Versions/A/IOSurface
0x00007ff817ccb000 	/usr/lib/libDiagnosticMessagesClient.dylib
0x00007ff825e00000 	/System/Library/Frameworks/ApplicationServices.framework/Versions/A/ApplicationServices
0x00007ff81a32d000 	/System/Library/PrivateFrameworks/DFRFoundation.framework/Versions/A/DFRFoundation
0x00007ff81369c000 	/usr/lib/libicucore.A.dylib
0x00007ff81ecea000 	/System/Library/Frameworks/AudioToolbox.framework/Versions/A/AudioToolbox
0x00007ff81df00000 	/System/Library/PrivateFrameworks/DataDetectorsCore.framework/Versions/A/DataDetectorsCore
0x00007ff91a3fe000 	/System/Library/PrivateFrameworks/TextInput.framework/Versions/A/TextInput
0x00007ff816242000 	/usr/lib/libMobileGestalt.dylib
0x00007ff81a039000 	/System/Library/Frameworks/Carbon.framework/Versions/A/Frameworks/HIToolbox.framework/Versions/A/HIToolbox
0x00007ff818468000 	/System/Library/Frameworks/QuartzCore.framework/Versions/A/QuartzCore
0x00007ff813341000 	/System/Library/Frameworks/Security.framework/Versions/A/Security
0x00007ff822096000 	/System/Library/Frameworks/Carbon.framework/Versions/A/Frameworks/SpeechRecognition.framework/Versions/A/SpeechRecognition
0x00007ff8187c5000 	/System/Library/PrivateFrameworks/CoreUI.framework/Versions/A/CoreUI
0x00007ff812c0b000 	/System/Library/Frameworks/CoreAudio.framework/Versions/A/CoreAudio
0x00007ff817dba000 	/System/Library/Frameworks/DiskArbitration.framework/Versions/A/DiskArbitration
0x00007ff81d6c2000 	/System/Library/PrivateFrameworks/MultitouchSupport.framework/Versions/A/MultitouchSupport
0x00007ff816241000 	/usr/lib/libenergytrace.dylib
0x00007ff813ca0000 	/System/Library/Frameworks/IOKit.framework/Versions/A/IOKit
0x00007ff822486000 	/System/Library/Frameworks/CoreServices.framework/Versions/A/CoreServices
0x00007ff8189ff000 	/System/Library/PrivateFrameworks/PerformanceAnalysis.framework/Versions/A/PerformanceAnalysis
0x00007ffa2a0e0000 	/System/Library/Frameworks/OpenGL.framework/Versions/A/OpenGL
0x00007ff81b629000 	/System/Library/PrivateFrameworks/MobileKeyBag.framework/Versions/A/MobileKeyBag
0x00007ff816d2a000 	/System/Library/Frameworks/ColorSync.framework/Versions/A/ColorSync
0x00007ff81133b000 	/System/Library/Frameworks/CoreFoundation.framework/Versions/A/CoreFoundation
0x00007ff81a5bd000 	/System/Library/Frameworks/CoreImage.framework/Versions/A/CoreImage
0x00007ff812a1f000 	/System/Library/Frameworks/CoreText.framework/Versions/A/CoreText
0x00007ff81a376000 	/System/Library/Frameworks/ImageIO.framework/Versions/A/ImageIO
0x00007ff81c0f3000 	/System/Library/PrivateFrameworks/SoftLinking.framework/Versions/A/SoftLinking
0x00007ff818ab0000 	/usr/lib/libxml2.2.dylib
0x00007ff81c377000 	/usr/lib/libcompression.dylib
0x00007ff81de27000 	/System/Library/PrivateFrameworks/TextureIO.framework/Versions/A/TextureIO
0x00007ff81ca65000 	/usr/lib/libate.dylib
0x00007ff81c841000 	/usr/lib/liblzma.5.dylib
0x00007ff811ec9000 	/System/Library/Frameworks/SystemConfiguration.framework/Versions/A/SystemConfiguration
0x00007ff81c0ef000 	/usr/lib/libfakelink.dylib
0x00007ff815d9a000 	/System/Library/Frameworks/CFNetwork.framework/Versions/A/CFNetwork
0x00007ff81c230000 	/usr/lib/libarchive.2.dylib
0x00007ff81a9c3000 	/System/Library/PrivateFrameworks/AppleSystemInfo.framework/Versions/A/AppleSystemInfo
0x00007ff81b72a000 	/usr/lib/libbsm.0.dylib
0x00007ff8153a9000 	/usr/lib/libnetwork.dylib
0x00007ff81c088000 	/usr/lib/system/libkxld.dylib
0x00007ff81b35d000 	/System/Library/PrivateFrameworks/IOMobileFramebuffer.framework/Versions/A/IOMobileFramebuffer
0x00007ffb29aaa000 	/usr/lib/libCoreEntitlements.dylib
0x00007ff81bd9c000 	/System/Library/PrivateFrameworks/AppleFSCompression.framework/Versions/A/AppleFSCompression
0x00007ff81b712000 	/usr/lib/libcoretls.dylib
0x00007ff81c85b000 	/usr/lib/libcoretls_cfhelpers.dylib
0x00007ff81c372000 	/usr/lib/libpam.2.dylib
0x00007ff8176fc000 	/usr/lib/libsqlite3.dylib
0x00007ff81c8ca000 	/usr/lib/libxar.1.dylib
0x00007ff81bdac000 	/usr/lib/libbz2.1.0.dylib
0x00007ff81c0f4000 	/usr/lib/libpcap.A.dylib
0x00007ff817ad5000 	/usr/lib/libdns_services.dylib
0x00007ff81c342000 	/usr/lib/libapple_nghttp2.dylib
0x00007ff81c12e000 	/usr/lib/libiconv.2.dylib
0x00007ff81c081000 	/usr/lib/libcharset.1.dylib
0x00007ff818a33000 	/System/Library/Frameworks/CoreServices.framework/Versions/A/Frameworks/FSEvents.framework/Versions/A/FSEvents
0x00007ff81393a000 	/System/Library/Frameworks/CoreServices.framework/Versions/A/Frameworks/CarbonCore.framework/Versions/A/CarbonCore
0x00007ff817d1e000 	/System/Library/Frameworks/CoreServices.framework/Versions/A/Frameworks/Metadata.framework/Versions/A/Metadata
0x00007ff81bdbf000 	/System/Library/Frameworks/CoreServices.framework/Versions/A/Frameworks/OSServices.framework/Versions/A/OSServices
0x00007ff81c2b7000 	/System/Library/Frameworks/CoreServices.framework/Versions/A/Frameworks/SearchKit.framework/Versions/A/SearchKit
0x00007ff817a67000 	/System/Library/Frameworks/CoreServices.framework/Versions/A/Frameworks/AE.framework/Versions/A/AE
0x00007ff81183e000 	/System/Library/Frameworks/CoreServices.framework/Versions/A/Frameworks/LaunchServices.framework/Versions/A/LaunchServices
0x00007ff81c7f2000 	/System/Library/Frameworks/CoreServices.framework/Versions/A/Frameworks/DictionaryServices.framework/Versions/A/DictionaryServices
0x00007ff818a40000 	/System/Library/Frameworks/CoreServices.framework/Versions/A/Frameworks/SharedFileList.framework/Versions/A/SharedFileList
0x00007ff81b706000 	/usr/lib/libCheckFix.dylib
0x00007ff8162a6000 	/System/Library/PrivateFrameworks/TCC.framework/Versions/A/TCC
0x00007ff81a9c9000 	/System/Library/PrivateFrameworks/CoreNLP.framework/Versions/A/CoreNLP
0x00007ff817cce000 	/System/Library/PrivateFrameworks/MetadataUtilities.framework/Versions/A/MetadataUtilities
0x00007ff811f7a000 	/usr/lib/libmecabra.dylib
0x00007ff81b73a000 	/usr/lib/libmecab.dylib
0x00007ff811f45000 	/usr/lib/libCRFSuite.dylib
0x00007ff81b794000 	/usr/lib/libgermantok.dylib
0x00007ff81c31d000 	/usr/lib/libThaiTokenizer.dylib
0x00007ff817dc1000 	/System/Library/Frameworks/Accelerate.framework/Versions/A/Frameworks/vImage.framework/Versions/A/vImage
0x00007ff82245d000 	/System/Library/Frameworks/Accelerate.framework/Versions/A/Frameworks/vecLib.framework/Versions/A/vecLib
0x00007ff81c90b000 	/System/Library/Frameworks/Accelerate.framework/Versions/A/Frameworks/vecLib.framework/Versions/A/libvMisc.dylib
0x00007ff81b188000 	/System/Library/Frameworks/Accelerate.framework/Versions/A/Frameworks/vecLib.framework/Versions/A/libvDSP.dylib
0x00007ff811bb9000 	/System/Library/Frameworks/Accelerate.framework/Versions/A/Frameworks/vecLib.framework/Versions/A/libBLAS.dylib
0x00007ff81c454000 	/System/Library/Frameworks/Accelerate.framework/Versions/A/Frameworks/vecLib.framework/Versions/A/libLAPACK.dylib
0x00007ff81b797000 	/System/Library/Frameworks/Accelerate.framework/Versions/A/Frameworks/vecLib.framework/Versions/A/libLinearAlgebra.dylib
0x00007ff81c35a000 	/System/Library/Frameworks/Accelerate.framework/Versions/A/Frameworks/vecLib.framework/Versions/A/libSparseBLAS.dylib
0x00007ff81c44e000 	/System/Library/Frameworks/Accelerate.framework/Versions/A/Frameworks/vecLib.framework/Versions/A/libQuadrature.dylib
0x00007ff81aab4000 	/System/Library/Frameworks/Accelerate.framework/Versions/A/Frameworks/vecLib.framework/Versions/A/libBNNS.dylib
0x00007ff811e53000 	/System/Library/Frameworks/Accelerate.framework/Versions/A/Frameworks/vecLib.framework/Versions/A/libSparse.dylib
0x00007ff81aaad000 	/System/Library/PrivateFrameworks/LinguisticData.framework/Versions/A/LinguisticData
0x00007ff811e09000 	/System/Library/PrivateFrameworks/Lexicon.framework/Versions/A/Lexicon
0x00007ff81c904000 	/usr/lib/libChineseTokenizer.dylib
0x00007ff812574000 	/System/Library/PrivateFrameworks/LanguageModeling.framework/Versions/A/LanguageModeling
0x00007ff81c31f000 	/System/Library/PrivateFrameworks/AppleSauce.framework/Versions/A/AppleSauce
0x00007ff81b34b000 	/System/Library/PrivateFrameworks/CoreEmoji.framework/Versions/A/CoreEmoji
0x00007ff81c21f000 	/usr/lib/libcmph.dylib
0x00007ff818a17000 	/System/Library/Frameworks/OpenDirectory.framework/Versions/A/Frameworks/CFOpenDirectory.framework/Versions/A/CFOpenDirectory
0x00007ff818a0b000 	/System/Library/Frameworks/OpenDirectory.framework/Versions/A/OpenDirectory
0x00007ff81c85d000 	/System/Library/PrivateFrameworks/APFS.framework/Versions/A/APFS
0x00007ff81b661000 	/System/Library/Frameworks/SecurityFoundation.framework/Versions/A/SecurityFoundation
0x00007ff81c8d8000 	/usr/lib/libutil.dylib
0x00007ff813c64000 	/System/Library/PrivateFrameworks/CoreServicesStore.framework/Versions/A/CoreServicesStore
0x00007ff81c8dc000 	/usr/lib/libxslt.1.dylib
0x00007ff81b6ee000 	/System/Library/PrivateFrameworks/BackgroundTaskManagement.framework/Versions/A/BackgroundTaskManagement
0x00007ff81dd47000 	/System/Library/Frameworks/ImageIO.framework/Versions/A/Resources/libRadiance.dylib
0x00007ff81dd50000 	/System/Library/Frameworks/ImageIO.framework/Versions/A/Resources/libJPEG.dylib
0x00007ff81dca1000 	/System/Library/Frameworks/ImageIO.framework/Versions/A/Resources/libPng.dylib
0x00007ff81dcc2000 	/System/Library/Frameworks/ImageIO.framework/Versions/A/Resources/libTIFF.dylib
0x00007ff81ddb0000 	/System/Library/Frameworks/ImageIO.framework/Versions/A/Resources/libGIF.dylib
0x00007ff81d5dc000 	/System/Library/Frameworks/ImageIO.framework/Versions/A/Resources/libJP2.dylib
0x00007ff81cd1a000 	/usr/lib/libexpat.1.dylib
0x00007ff81d591000 	/System/Library/PrivateFrameworks/AppleJPEG.framework/Versions/A/AppleJPEG
0x00007ff819efd000 	/System/Library/PrivateFrameworks/FontServices.framework/libFontParser.dylib
0x00007ff817a11000 	/System/Library/PrivateFrameworks/RunningBoardServices.framework/Versions/A/RunningBoardServices
0x00007ff828717000 	/System/Library/PrivateFrameworks/IOSurfaceAccelerator.framework/Versions/A/IOSurfaceAccelerator
0x00007ff81d6be000 	/System/Library/PrivateFrameworks/WatchdogClient.framework/Versions/A/WatchdogClient
0x00007ff812662000 	/System/Library/Frameworks/CoreDisplay.framework/Versions/A/CoreDisplay
0x00007ff819dfb000 	/System/Library/Frameworks/CoreMedia.framework/Versions/A/CoreMedia
0x00007ff819c8f000 	/System/Library/PrivateFrameworks/IOAccelerator.framework/Versions/A/IOAccelerator
0x00007ff818b94000 	/System/Library/Frameworks/CoreVideo.framework/Versions/A/CoreVideo
0x00007ff81c370000 	/System/Library/Frameworks/MetalPerformanceShaders.framework/Versions/A/MetalPerformanceShaders
0x00007ff81d6fb000 	/System/Library/Frameworks/VideoToolbox.framework/Versions/A/VideoToolbox
0x00007ff81795b000 	/System/Library/PrivateFrameworks/BaseBoard.framework/Versions/A/BaseBoard
0x00007ff8176e2000 	/System/Library/PrivateFrameworks/ProtocolBuffer.framework/Versions/A/ProtocolBuffer
0x00007ff81dd40000 	/System/Library/PrivateFrameworks/GPUWrangler.framework/Versions/A/GPUWrangler
0x00007ff81dd24000 	/System/Library/PrivateFrameworks/IOPresentment.framework/Versions/A/IOPresentment
0x00007ff81dd4a000 	/System/Library/PrivateFrameworks/DSExternalDisplay.framework/Versions/A/DSExternalDisplay
0x00007ffa2a0d4000 	/System/Library/Frameworks/OpenGL.framework/Versions/A/Libraries/libCoreFSCache.dylib
0x00007ffb171ab000 	/System/Library/PrivateFrameworks/GPUCompiler.framework/Versions/31001/Libraries/libGPUCompilerUtils.dylib
0x00007ff81ddb5000 	/System/Library/PrivateFrameworks/CMCaptureCore.framework/Versions/A/CMCaptureCore
0x00007ff81d2c2000 	/System/Library/PrivateFrameworks/AppServerSupport.framework/Versions/A/AppServerSupport
0x00007ff81f583000 	/System/Library/PrivateFrameworks/perfdata.framework/Versions/A/perfdata
0x00007ff81278e000 	/System/Library/PrivateFrameworks/AudioToolboxCore.framework/Versions/A/AudioToolboxCore
0x00007ff819dd9000 	/System/Library/PrivateFrameworks/caulk.framework/Versions/A/caulk
0x00007ff81ee95000 	/usr/lib/libAudioStatistics.dylib
0x00007ff916b8c000 	/System/Library/PrivateFrameworks/SystemPolicy.framework/Versions/A/SystemPolicy
0x00007ff81f0f0000 	/usr/lib/libSMC.dylib
0x00007ff82800f000 	/System/Library/Frameworks/CoreMIDI.framework/Versions/A/CoreMIDI
0x00007ff81dc70000 	/usr/lib/libAudioToolboxUtility.dylib
0x00007ff912db8000 	/System/Library/PrivateFrameworks/OSAServicesClient.framework/Versions/A/OSAServicesClient
0x00007ff81f590000 	/usr/lib/libperfcheck.dylib
0x00007ff917639000 	/usr/lib/libmis.dylib
0x00007ffa2a12f000 	/System/Library/Frameworks/OpenGL.framework/Versions/A/Libraries/libGLU.dylib
0x00007ffa2a0f3000 	/System/Library/Frameworks/OpenGL.framework/Versions/A/Libraries/libGFXShared.dylib
0x00007ffa2a2fc000 	/System/Library/Frameworks/OpenGL.framework/Versions/A/Libraries/libGL.dylib
0x00007ffa2a0fc000 	/System/Library/Frameworks/OpenGL.framework/Versions/A/Libraries/libGLImage.dylib
0x00007ffa2a0f0000 	/System/Library/Frameworks/OpenGL.framework/Versions/A/Libraries/libCVMSPluginSupport.dylib
0x00007ffa2a0db000 	/System/Library/Frameworks/OpenGL.framework/Versions/A/Libraries/libCoreVMClient.dylib
0x00007ff81a945000 	/System/Library/Frameworks/MetalPerformanceShaders.framework/Versions/A/Frameworks/MPSCore.framework/Versions/A/MPSCore
0x00007ff81bd07000 	/System/Library/Frameworks/MetalPerformanceShaders.framework/Versions/A/Frameworks/MPSImage.framework/Versions/A/MPSImage
0x00007ff81b7ad000 	/System/Library/Frameworks/MetalPerformanceShaders.framework/Versions/A/Frameworks/MPSNeuralNetwork.framework/Versions/A/MPSNeuralNetwork
0x00007ff81bc21000 	/System/Library/Frameworks/MetalPerformanceShaders.framework/Versions/A/Frameworks/MPSMatrix.framework/Versions/A/MPSMatrix
0x00007ff81b9dc000 	/System/Library/Frameworks/MetalPerformanceShaders.framework/Versions/A/Frameworks/MPSRayIntersector.framework/Versions/A/MPSRayIntersector
0x00007ff81bc59000 	/System/Library/Frameworks/MetalPerformanceShaders.framework/Versions/A/Frameworks/MPSNDArray.framework/Versions/A/MPSNDArray
0x00007ffa2fbb4000 	/System/Library/Frameworks/MetalPerformanceShaders.framework/Versions/A/Frameworks/MPSFunctions.framework/Versions/A/MPSFunctions
0x00007ff811a95000 	/System/Library/PrivateFrameworks/MetalTools.framework/Versions/A/MetalTools
0x00007ff81a9c1000 	/System/Library/PrivateFrameworks/AggregateDictionary.framework/Versions/A/AggregateDictionary
0x00007ff81cafc000 	/usr/lib/libIOReport.dylib
0x00007ffa2b70b000 	/System/Library/Frameworks/OpenCL.framework/Versions/A/OpenCL
0x00007ff81ce60000 	/System/Library/PrivateFrameworks/FaceCore.framework/Versions/A/FaceCore
0x00007ff81ce51000 	/System/Library/PrivateFrameworks/GraphVisualizer.framework/Versions/A/GraphVisualizer
0x00007ffb170b6000 	/System/Library/PrivateFrameworks/FontServices.framework/Versions/A/FontServices
0x00007ff81d27a000 	/System/Library/PrivateFrameworks/OTSVG.framework/Versions/A/OTSVG
0x00007ff81877b000 	/System/Library/Frameworks/ApplicationServices.framework/Versions/A/Frameworks/ATS.framework/Versions/A/Resources/libFontRegistry.dylib
0x00007ff81d2ca000 	/System/Library/PrivateFrameworks/FontServices.framework/libhvf.dylib
0x00007ffb170b7000 	/System/Library/PrivateFrameworks/FontServices.framework/libXTFontStaticRegistryData.dylib
0x00007ff81ccca000 	/System/Library/PrivateFrameworks/AppleVA.framework/Versions/A/AppleVA
0x00007ff81eeb5000 	/System/Library/Frameworks/ApplicationServices.framework/Versions/A/Frameworks/ATS.framework/Versions/A/ATS
0x00007ff816e28000 	/System/Library/Frameworks/ApplicationServices.framework/Versions/A/Frameworks/HIServices.framework/Versions/A/HIServices
0x00007ff81ddbf000 	/System/Library/Frameworks/ApplicationServices.framework/Versions/A/Frameworks/PrintCore.framework/Versions/A/PrintCore
0x00007ff81f243000 	/System/Library/Frameworks/ApplicationServices.framework/Versions/A/Frameworks/QD.framework/Versions/A/QD
0x00007ff81f23b000 	/System/Library/Frameworks/ApplicationServices.framework/Versions/A/Frameworks/ColorSyncLegacy.framework/Versions/A/ColorSyncLegacy
0x00007ff81eea5000 	/System/Library/Frameworks/ApplicationServices.framework/Versions/A/Frameworks/SpeechSynthesis.framework/Versions/A/SpeechSynthesis
0x00007ff81dd80000 	/System/Library/Frameworks/ApplicationServices.framework/Versions/A/Frameworks/ATSUI.framework/Versions/A/ATSUI
0x00007ff81f1d0000 	/usr/lib/libcups.2.dylib
0x00007ff81f59f000 	/System/Library/Frameworks/Kerberos.framework/Versions/A/Kerberos
0x00007ff81f5ae000 	/System/Library/Frameworks/GSS.framework/Versions/A/GSS
0x00007ff81ef21000 	/usr/lib/libresolv.9.dylib
0x00007ff81d2d9000 	/System/Library/PrivateFrameworks/Heimdal.framework/Versions/A/Heimdal
0x00007ff826192000 	/System/Library/Frameworks/Kerberos.framework/Versions/A/Libraries/libHeimdalProxy.dylib
0x00007ff817ae5000 	/System/Library/Frameworks/Network.framework/Versions/A/Network
0x00007ff81cd34000 	/usr/lib/libheimdal-asn1.dylib
0x00007ff81f5f9000 	/System/Library/PrivateFrameworks/CommonAuth.framework/Versions/A/CommonAuth
0x00007ff81ee27000 	/System/Library/PrivateFrameworks/AudioSession.framework/Versions/A/AudioSession
0x00007ff81cdc4000 	/System/Library/PrivateFrameworks/MediaExperience.framework/Versions/A/MediaExperience
0x00007ff81ecb9000 	/System/Library/PrivateFrameworks/AudioSession.framework/libSessionUtility.dylib
0x00007ff81f24f000 	/System/Library/PrivateFrameworks/AudioResourceArbitration.framework/Versions/A/AudioResourceArbitration
0x00007ff8232d0000 	/System/Library/PrivateFrameworks/PowerLog.framework/Versions/A/PowerLog
0x00007ff81cd3d000 	/System/Library/PrivateFrameworks/IconFoundation.framework/Versions/A/IconFoundation
0x00007ff822086000 	/System/Library/PrivateFrameworks/SpeechRecognitionCore.framework/Versions/A/SpeechRecognitionCore
0x0000000110821000 	/Library/Java/JavaVirtualMachines/jdk-19.jdk/Contents/Home/lib/server/libjvm.dylib
0x000000010f73d000 	/Library/Java/JavaVirtualMachines/jdk-19.jdk/Contents/Home/lib/libjimage.dylib
0x000000010f760000 	/Library/Java/JavaVirtualMachines/jdk-19.jdk/Contents/Home/lib/libinstrument.dylib
0x000000010f7a3000 	/Library/Java/JavaVirtualMachines/jdk-19.jdk/Contents/Home/lib/libjava.dylib
0x000000011062e000 	/Library/Java/JavaVirtualMachines/jdk-19.jdk/Contents/Home/lib/libzip.dylib
0x0000000110642000 	/Library/Java/JavaVirtualMachines/jdk-19.jdk/Contents/Home/lib/libnio.dylib
0x000000011065e000 	/Library/Java/JavaVirtualMachines/jdk-19.jdk/Contents/Home/lib/libnet.dylib
0x000000010f78e000 	/Library/Java/JavaVirtualMachines/jdk-19.jdk/Contents/Home/lib/libextnet.dylib
0x0000000110719000 	/Library/Java/JavaVirtualMachines/jdk-19.jdk/Contents/Home/lib/libawt.dylib
0x0000000113969000 	/Library/Java/JavaVirtualMachines/jdk-19.jdk/Contents/Home/lib/libmlib_image.dylib
0x00007ffa2fb1d000 	/System/Library/Frameworks/JavaRuntimeSupport.framework/Versions/A/JavaRuntimeSupport
0x00007ff9166b0000 	/System/Library/Frameworks/Carbon.framework/Versions/A/Carbon
0x00007ff82454a000 	/System/Library/PrivateFrameworks/CoreSymbolication.framework/Versions/A/CoreSymbolication
0x00007ff829aae000 	/System/Library/Frameworks/Carbon.framework/Versions/A/Frameworks/CommonPanels.framework/Versions/A/CommonPanels
0x00007ff825b7e000 	/System/Library/Frameworks/Carbon.framework/Versions/A/Frameworks/Help.framework/Versions/A/Help
0x00007ff829ab2000 	/System/Library/Frameworks/Carbon.framework/Versions/A/Frameworks/ImageCapture.framework/Versions/A/ImageCapture
0x00007ff829a82000 	/System/Library/Frameworks/Carbon.framework/Versions/A/Frameworks/OpenScripting.framework/Versions/A/OpenScripting
0x00007ff829aaa000 	/System/Library/Frameworks/Carbon.framework/Versions/A/Frameworks/Ink.framework/Versions/A/Ink
0x00007ff9166ac000 	/System/Library/Frameworks/Carbon.framework/Versions/A/Frameworks/Print.framework/Versions/A/Print
0x00007ff829aa6000 	/System/Library/Frameworks/Carbon.framework/Versions/A/Frameworks/SecurityHI.framework/Versions/A/SecurityHI
0x00007ff82450f000 	/System/Library/PrivateFrameworks/DebugSymbols.framework/Versions/A/DebugSymbols
0x0000000113b31000 	/Library/Java/JavaVirtualMachines/jdk-19.jdk/Contents/Home/lib/libawt_lwawt.dylib
0x000000011069f000 	/Library/Java/JavaVirtualMachines/jdk-19.jdk/Contents/Home/lib/libosxapp.dylib
0x00007ff91597a000 	/System/Library/Frameworks/ExceptionHandling.framework/Versions/A/ExceptionHandling
0x0000000134ac5000 	/Library/Java/JavaVirtualMachines/jdk-19.jdk/Contents/Home/lib/libfontmanager.dylib
0x00000001348fe000 	/Library/Java/JavaVirtualMachines/jdk-19.jdk/Contents/Home/lib/libfreetype.dylib
0x00007ff813c26000 	/System/Library/PrivateFrameworks/CoreServicesInternal.framework/Versions/A/CoreServicesInternal
0x00007ff8238c1000 	/System/Library/Frameworks/FileProvider.framework/Versions/A/FileProvider
0x00007ff8178c8000 	/System/Library/Frameworks/Accounts.framework/Versions/A/Accounts
0x00007ff823a3a000 	/System/Library/PrivateFrameworks/GenerationalStorage.framework/Versions/A/GenerationalStorage
0x00007ff8232c5000 	/System/Library/PrivateFrameworks/SymptomDiagnosticReporter.framework/Versions/A/SymptomDiagnosticReporter
0x00007ff814ee7000 	/System/Library/PrivateFrameworks/DesktopServicesPriv.framework/Versions/A/DesktopServicesPriv
0x00007ff813d65000 	/usr/lib/libsandbox.1.dylib
0x00007ff818c13000 	/System/Library/PrivateFrameworks/UserManagement.framework/Versions/A/UserManagement
0x00007ff81f230000 	/System/Library/PrivateFrameworks/NetAuth.framework/Versions/A/NetAuth
0x00007ff82013f000 	/System/Library/PrivateFrameworks/Sharing.framework/Versions/A/Sharing
0x00007ff818be6000 	/System/Library/PrivateFrameworks/login.framework/Versions/A/Frameworks/loginsupport.framework/Versions/A/loginsupport
0x00007ff8256ad000 	/System/Library/PrivateFrameworks/Apple80211.framework/Versions/A/Apple80211
0x00007ff81bdec000 	/System/Library/PrivateFrameworks/AuthKit.framework/Versions/A/AuthKit
0x00007ff81b441000 	/System/Library/PrivateFrameworks/CoreUtils.framework/Versions/A/CoreUtils
0x00007ff81b368000 	/System/Library/Frameworks/CoreWLAN.framework/Versions/A/CoreWLAN
0x00007ff82029e000 	/System/Library/Frameworks/IOBluetooth.framework/Versions/A/IOBluetooth
0x00007ff825715000 	/System/Library/PrivateFrameworks/CoreWiFi.framework/Versions/A/CoreWiFi
0x00007ff8240e4000 	/System/Library/PrivateFrameworks/FrontBoardServices.framework/Versions/A/FrontBoardServices
0x00007ff824175000 	/System/Library/PrivateFrameworks/BoardServices.framework/Versions/A/BoardServices
0x00007ff81b650000 	/System/Library/PrivateFrameworks/AssertionServices.framework/Versions/A/AssertionServices
0x00007ff825898000 	/System/Library/PrivateFrameworks/BackBoardServices.framework/Versions/A/BackBoardServices
0x00007ff81f68a000 	/System/Library/PrivateFrameworks/CorePhoneNumbers.framework/Versions/A/CorePhoneNumbers
0x00007ff81ef4e000 	/System/Library/PrivateFrameworks/MultiverseSupport.framework/Versions/A/MultiverseSupport
0x00007ff825b0b000 	/System/Library/PrivateFrameworks/RemoteServiceDiscovery.framework/Versions/A/RemoteServiceDiscovery
0x00007ff8233e2000 	/System/Library/PrivateFrameworks/DiskManagement.framework/Versions/A/DiskManagement
0x00007ff8232f6000 	/System/Library/PrivateFrameworks/AppleIDAuthSupport.framework/Versions/A/AppleIDAuthSupport
0x00007ffb11a31000 	/System/Library/PrivateFrameworks/AAAFoundation.framework/Versions/A/AAAFoundation
0x00007ff81f66b000 	/System/Library/PrivateFrameworks/KeychainCircle.framework/Versions/A/KeychainCircle
0x00007ff825b1b000 	/System/Library/PrivateFrameworks/RemoteXPC.framework/Versions/A/RemoteXPC
0x00007ff8233ae000 	/System/Library/PrivateFrameworks/MediaKit.framework/Versions/A/MediaKit
0x00007ff823302000 	/System/Library/Frameworks/DiscRecording.framework/Versions/A/DiscRecording
0x00007ff81cc42000 	/usr/lib/libCoreStorage.dylib
0x00007ff825b86000 	/usr/lib/libcsfde.dylib
0x00007ff82036b000 	/System/Library/PrivateFrameworks/ProtectedCloudStorage.framework/Versions/A/ProtectedCloudStorage
0x00007ff825b82000 	/System/Library/PrivateFrameworks/EFILogin.framework/Versions/A/EFILogin
0x00007ff823a60000 	/System/Library/PrivateFrameworks/OctagonTrust.framework/Versions/A/OctagonTrust
0x00007ffb16319000 	/System/Library/PrivateFrameworks/CoreUtilsExtras.framework/Versions/A/CoreUtilsExtras
0x00007ff823229000 	/System/Library/Frameworks/CoreBluetooth.framework/Versions/A/CoreBluetooth
0x00007ff826217000 	/System/Library/Frameworks/AudioUnit.framework/Versions/A/AudioUnit
0x00007ff81cc3a000 	/usr/lib/libMatch.1.dylib
0x00007ff91e434000 	/System/Library/CoreServices/RawCamera.bundle/Contents/MacOS/RawCamera
0x00007ff81f609000 	/System/Library/PrivateFrameworks/MobileAsset.framework/Versions/A/MobileAsset
0x00007ff82623e000 	/System/Library/PrivateFrameworks/StreamingZip.framework/Versions/A/StreamingZip
0x00007ffb1360d000 	/System/Library/PrivateFrameworks/CMPhoto.framework/Versions/A/CMPhoto
0x00007ff8243e5000 	/System/Library/PrivateFrameworks/AppleVPA.framework/Versions/A/AppleVPA
0x00007ff81dfe9000 	/System/Library/Frameworks/MediaToolbox.framework/Versions/A/MediaToolbox
0x00007ff823891000 	/System/Library/PrivateFrameworks/CoreAVCHD.framework/Versions/A/CoreAVCHD
0x00007ff822766000 	/System/Library/Frameworks/MediaAccessibility.framework/Versions/A/MediaAccessibility
0x00007ff82388d000 	/System/Library/PrivateFrameworks/Mangrove.framework/Versions/A/Mangrove
0x00007ff822771000 	/System/Library/PrivateFrameworks/AlgosScoreFramework.framework/Versions/A/AlgosScoreFramework
0x00007ff8234d2000 	/System/Library/PrivateFrameworks/CoreAUC.framework/Versions/A/CoreAUC
0x00007ff91bc5d000 	/System/Library/Frameworks/Accelerate.framework/Versions/A/Frameworks/vImage.framework/Versions/A/Libraries/libCGInterfaces.dylib
0x0000000113c61000 	/usr/lib/libobjc-trampolines.dylib
0x00007ff81890b000 	/System/Library/PrivateFrameworks/ViewBridge.framework/Versions/A/ViewBridge
0x00007ffa23efd000 	/System/Library/Extensions/AppleIntelICLGraphicsMTLDriver.bundle/Contents/MacOS/AppleIntelICLGraphicsMTLDriver
0x00007ff917654000 	/System/Library/PrivateFrameworks/GPURawCounter.framework/Versions/A/GPURawCounter
0x000000013d04b000 	/Library/Java/JavaVirtualMachines/jdk-19.jdk/Contents/Home/lib/libosxui.dylib
0x00007ffb29b99000 	/usr/lib/libRosetta.dylib
0x00007ff81d390000 	/System/Library/PrivateFrameworks/login.framework/Versions/A/login


VM Arguments:
jvm_args: -javaagent:/Applications/IntelliJ IDEA.app/Contents/lib/idea_rt.jar=54132:/Applications/IntelliJ IDEA.app/Contents/bin -Dfile.encoding=UTF-8 -Dsun.stdout.encoding=UTF-8 -Dsun.stderr.encoding=UTF-8 
java_command: PhotoAlbumMain -in buildings.txt -view graphical 800 800
java_class_path (initial): /Users/zhenlu/Desktop/5004/hw/hw8 copy/out/production/hw8
Launcher Type: SUN_STANDARD

[Global flags]
     intx CICompilerCount                          = 3                                         {product} {ergonomic}
     uint ConcGCThreads                            = 1                                         {product} {ergonomic}
     uint G1ConcRefinementThreads                  = 4                                         {product} {ergonomic}
   size_t G1HeapRegionSize                         = 1048576                                   {product} {ergonomic}
    uintx GCDrainStackTargetSize                   = 64                                        {product} {ergonomic}
   size_t InitialHeapSize                          = 134217728                                 {product} {ergonomic}
   size_t MarkStackSize                            = 4194304                                   {product} {ergonomic}
   size_t MaxHeapSize                              = 2147483648                                {product} {ergonomic}
   size_t MaxNewSize                               = 1287651328                                {product} {ergonomic}
   size_t MinHeapDeltaBytes                        = 1048576                                   {product} {ergonomic}
   size_t MinHeapSize                              = 8388608                                   {product} {ergonomic}
    uintx NonNMethodCodeHeapSize                   = 5832780                                {pd product} {ergonomic}
    uintx NonProfiledCodeHeapSize                  = 122912730                              {pd product} {ergonomic}
    uintx ProfiledCodeHeapSize                     = 122912730                              {pd product} {ergonomic}
    uintx ReservedCodeCacheSize                    = 251658240                              {pd product} {ergonomic}
     bool SegmentedCodeCache                       = true                                      {product} {ergonomic}
   size_t SoftMaxHeapSize                          = 2147483648                             {manageable} {ergonomic}
     bool UseCompressedClassPointers               = true                           {product lp64_product} {ergonomic}
     bool UseCompressedOops                        = true                           {product lp64_product} {ergonomic}
     bool UseG1GC                                  = true                                      {product} {ergonomic}
     bool UseNUMA                                  = false                                     {product} {ergonomic}
     bool UseNUMAInterleaving                      = false                                     {product} {ergonomic}

Logging:
Log output configuration:
 #0: stdout all=warning uptime,level,tags foldmultilines=false
 #1: stderr all=off uptime,level,tags foldmultilines=false

Environment Variables:
PATH=/Users/zhenlu/opt/anaconda3/bin:/Users/zhenlu/opt/anaconda3/condabin:/Library/Frameworks/Python.framework/Versions/3.10/bin:/usr/local/bin:/usr/bin:/bin:/usr/sbin:/sbin:/Library/TeX/texbin
SHELL=/bin/zsh
LC_CTYPE=en_US.UTF-8
TMPDIR=/var/folders/m7/041phz8906120mzb07c01wmh0000gn/T/

Active Locale:
LC_ALL=C/en_US.UTF-8/C/C/C/C
LC_COLLATE=C
LC_CTYPE=en_US.UTF-8
LC_MESSAGES=C
LC_MONETARY=C
LC_NUMERIC=C
LC_TIME=C

Signal Handlers:
   SIGSEGV: _ZL13crash_handleriP9__siginfoPv in libjvm.dylib, mask=11100110000111110111111111111111, flags=SA_RESTART|SA_SIGINFO
    SIGBUS: _ZL13crash_handleriP9__siginfoPv in libjvm.dylib, mask=11100110000111110111111111111111, flags=SA_RESTART|SA_SIGINFO
    SIGFPE: _ZL13crash_handleriP9__siginfoPv in libjvm.dylib, mask=11100110000111110111111111111111, flags=SA_RESTART|SA_SIGINFO
   SIGPIPE: _ZL17javaSignalHandleriP9__siginfoPv in libjvm.dylib, mask=11100110000111110111111111111111, flags=SA_RESTART|SA_SIGINFO
   SIGXFSZ: _ZL17javaSignalHandleriP9__siginfoPv in libjvm.dylib, mask=11100110000111110111111111111111, flags=SA_RESTART|SA_SIGINFO
    SIGILL: _ZL13crash_handleriP9__siginfoPv in libjvm.dylib, mask=11100110000111110111111111111111, flags=SA_RESTART|SA_SIGINFO
   SIGUSR2: _ZL10SR_handleriP9__siginfoP17__darwin_ucontext in libjvm.dylib, mask=00100000000000000000000000000000, flags=SA_RESTART|SA_SIGINFO
    SIGHUP: _ZL11UserHandleriPvS_ in libjvm.dylib, mask=11100110000111110111111111111111, flags=SA_RESTART|SA_SIGINFO
    SIGINT: _ZL11UserHandleriPvS_ in libjvm.dylib, mask=11100110000111110111111111111111, flags=SA_RESTART|SA_SIGINFO
   SIGTERM: _ZL11UserHandleriPvS_ in libjvm.dylib, mask=11100110000111110111111111111111, flags=SA_RESTART|SA_SIGINFO
   SIGQUIT: _ZL11UserHandleriPvS_ in libjvm.dylib, mask=11100110000111110111111111111111, flags=SA_RESTART|SA_SIGINFO
   SIGTRAP: _ZL13crash_handleriP9__siginfoPv in libjvm.dylib, mask=11100110000111110111111111111111, flags=SA_RESTART|SA_SIGINFO


---------------  S Y S T E M  ---------------

OS:
uname: Darwin 21.6.0 Darwin Kernel Version 21.6.0: Wed Aug 10 14:25:27 PDT 2022; root:xnu-8020.141.5~2/RELEASE_X86_64 x86_64
OS uptime: 5 days 8:16 hours
rlimit (soft/hard): STACK 8192k/65532k , CORE 0k/infinity , NPROC 1392/2088 , NOFILE 10240/infinity , AS infinity/infinity , CPU infinity/infinity , DATA infinity/infinity , FSIZE infinity/infinity , MEMLOCK infinity/infinity , RSS infinity/infinity
load average: 12.60 11.72 11.61

CPU: total 4 (initial active 4) (2 cores per cpu, 2 threads per core) family 6 model 126 stepping 5 microcode 0xb2, cx8, cmov, fxsr, ht, mmx, 3dnowpref, sse, sse2, sse3, ssse3, sse4.1, sse4.2, popcnt, lzcnt, tsc, tscinvbit, avx, avx2, aes, erms, clmul, bmi1, bmi2, adx, sha, fma, vzeroupper, clflush, clflushopt, rdtscp, rdpid, fsrm

Memory: 4k page, physical 8388608k(27160k free), swap 4194304k(1481472k free)

vm_info: Java HotSpot(TM) 64-Bit Server VM (19.0.1+10-21) for bsd-amd64 JRE (19.0.1+10-21), built on 2022-09-14T12:45:06Z by "mach5one" with clang Apple LLVM 12.0.0 (clang-1200.0.32.29)

END.
